2023-10-18 22:47:57 Using browser-only version of superagent in non-browser environment
2023-10-18 22:47:57 Configuration directory URI: 'file:///home/mmkumr/.arduinoIDE'
2023-10-18 22:47:57 Configuring to accept webviews on '^.+\.webview\..+$' hostname.
2023-10-18 22:47:57 2023-10-18T17:17:57.190Z root INFO Backend Object.initialize: 10.2 ms [Finished 1.277 s after backend start]
2023-10-18 22:47:57 2023-10-18T17:17:57.191Z root INFO Backend Object.configure: 8.3 ms [Finished 1.277 s after backend start]
2023-10-18 22:47:57 2023-10-18T17:17:57.191Z root INFO Backend a.onStart: 3.6 ms [Finished 1.277 s after backend start]
2023-10-18 22:47:57 2023-10-18T17:17:57.192Z root INFO Backend a.configure: 1.1 ms [Finished 1.328 s after backend start]
2023-10-18 22:47:57 2023-10-18T17:17:57.194Z root INFO Backend u.onStart: 0.9 ms [Finished 1.328 s after backend start]
2023-10-18 22:47:57 2023-10-18T17:17:57.196Z root INFO Backend d.configure: 0.3 ms [Finished 1.328 s after backend start]
2023-10-18 22:47:57 2023-10-18T17:17:57.197Z root WARN Backend d.initialize took longer than the expected maximum 50 milliseconds: 51.1 ms [Finished 1.329 s after backend start]
2023-10-18 22:47:57 2023-10-18T17:17:57.198Z root INFO Backend c.onStart: 1.0 ms [Finished 1.329 s after backend start]
2023-10-18 22:47:57 2023-10-18T17:17:57.199Z root INFO Backend s.configure: 2.0 ms [Finished 1.331 s after backend start]
2023-10-18 22:47:57 2023-10-18T17:17:57.202Z config INFO >>> Initializing CLI configuration...
2023-10-18 22:47:57 2023-10-18T17:17:57.202Z root INFO Backend c.initialize: 1.1 ms [Finished 1.332 s after backend start]
2023-10-18 22:47:57 2023-10-18T17:17:57.203Z root INFO Backend P.onStart: 1.7 ms [Finished 1.333 s after backend start]
2023-10-18 22:47:57 2023-10-18T17:17:57.205Z config INFO Loading CLI configuration from /home/mmkumr/.arduinoIDE/arduino-cli.yaml...
2023-10-18 22:47:57 2023-10-18T17:17:57.206Z daemon INFO Starting daemon from /opt/arduino-ide/resources/app/lib/backend/resources/arduino-cli...
2023-10-18 22:47:57 2023-10-18T17:17:57.206Z root INFO Backend s.initialize: 0.9 ms [Finished 1.335 s after backend start]
2023-10-18 22:47:57 2023-10-18T17:17:57.206Z root INFO Backend w.onStart: 2.0 ms [Finished 1.337 s after backend start]
2023-10-18 22:47:57 2023-10-18T17:17:57.206Z root INFO Backend r.configure: 3.9 ms [Finished 1.337 s after backend start]
2023-10-18 22:47:57 2023-10-18T17:17:57.207Z discovery-log INFO start
2023-10-18 22:47:57 2023-10-18T17:17:57.207Z discovery-log INFO start new deferred
2023-10-18 22:47:57 2023-10-18T17:17:57.207Z root INFO Backend d.initialize: 1.0 ms [Finished 1.338 s after backend start]
2023-10-18 22:47:57 2023-10-18T17:17:57.207Z root INFO Backend y.onStart: 4.2 ms [Finished 1.342 s after backend start]
2023-10-18 22:47:57 2023-10-18T17:17:57.207Z root INFO Backend r.configure: 3.9 ms [Finished 1.342 s after backend start]
2023-10-18 22:47:57 2023-10-18T17:17:57.207Z root INFO Backend s.onStart: 1.1 ms [Finished 1.345 s after backend start]
2023-10-18 22:47:57 2023-10-18T17:17:57.208Z root INFO Backend h.configure: 0.9 ms [Finished 1.345 s after backend start]
2023-10-18 22:47:57 2023-10-18T17:17:57.208Z root INFO Backend a.configure: 0.5 ms [Finished 1.346 s after backend start]
2023-10-18 22:47:57 2023-10-18T17:17:57.208Z root INFO Backend s.configure: 0.1 ms [Finished 1.347 s after backend start]
2023-10-18 22:47:57 2023-10-18T17:17:57.208Z root INFO Backend l.configure: 0.2 ms [Finished 1.347 s after backend start]
2023-10-18 22:47:57 2023-10-18T17:17:57.213Z root INFO Theia app listening on http://localhost:43589.
2023-10-18 22:47:57 2023-10-18T17:17:57.214Z root INFO Finished starting backend application: 7.1 ms [Finished 1.353 s after backend start]
2023-10-18 22:47:57 2023-10-18T17:17:57.259Z root WARN The local plugin referenced by local-dir:/home/mmkumr/.arduinoIDE/plugins does not exist.
2023-10-18 22:47:57 2023-10-18T17:17:57.260Z root WARN The local plugin referenced by local-dir:/home/mmkumr/.arduinoIDE/extensions does not exist.
2023-10-18 22:47:57 2023-10-18T17:17:57.319Z daemon INFO time="2023-10-18T22:47:57+05:30" level=info msg="Using config file: /home/mmkumr/.arduinoIDE/arduino-cli.yaml"
time="2023-10-18T22:47:57+05:30" level=info msg="arduino-cli version 0.34.0"
time="2023-10-18T22:47:57+05:30" level=info msg="Executing `arduino-cli daemon`"
Daemon is now listening on 127.0.0.1:37361
{"IP":"127.0.0.1","Port":"37361"}
2023-10-18 22:47:57 2023-10-18T17:17:57.320Z daemon INFO Daemon is running.
2023-10-18 22:47:57 2023-10-18T17:17:57.321Z config INFO Loading CLI configuration from /home/mmkumr/.arduinoIDE/arduino-cli.yaml...
2023-10-18 22:47:57 2023-10-18T17:17:57.387Z config INFO Loaded CLI configuration: {"board_manager":{"additional_urls":[]},"build_cache":{"compilations_before_purge":10,"ttl":"720h0m0s"},"daemon":{"port":"50051"},"directories":{"data":"/home/mmkumr/.arduino15","downloads":"/home/mmkumr/.arduino15/staging","user":"/home/mmkumr/Arduino"},"library":{"enable_unsafe_install":false},"logging":{"file":"","format":"text","level":"info"},"metrics":{"addr":":9090","enabled":true},"output":{"no_color":false},"sketch":{"always_export_binaries":false},"updater":{"enable_notification":true}}
2023-10-18 22:47:57 2023-10-18T17:17:57.388Z config INFO 'directories.data' and 'directories.user' are set in the CLI configuration model.
2023-10-18 22:47:57 2023-10-18T17:17:57.388Z config INFO Loaded the CLI configuration.
2023-10-18 22:47:57 2023-10-18T17:17:57.390Z config INFO Mapped the CLI configuration: {"dataDirUri":"file:///home/mmkumr/.arduino15","sketchDirUri":"file:///home/mmkumr/Arduino","additionalUrls":[],"network":"none","locale":"en"}
2023-10-18 22:47:57 2023-10-18T17:17:57.390Z config INFO Validating the CLI configuration...
2023-10-18 22:47:57 2023-10-18T17:17:57.391Z config INFO The CLI config is valid.
2023-10-18 22:47:57 2023-10-18T17:17:57.391Z config INFO <<< Initialized the CLI configuration.
2023-10-18 22:47:57 2023-10-18T17:17:57.407Z root INFO Resolve plugins list: 202.0 ms [Finished 1.545 s after backend start]
2023-10-18 22:47:57 2023-10-18T17:17:57.433Z daemon INFO time="2023-10-18T22:47:57+05:30" level=info msg="Checking signature" index=/home/mmkumr/.arduino15/package_index.json signatureFile=/home/mmkumr/.arduino15/package_index.json.sig trusted=true
2023-10-18 22:47:57 2023-10-18T17:17:57.733Z daemon INFO time="2023-10-18T22:47:57+05:30" level=info msg="Loading hardware from: /home/mmkumr/.arduino15/packages"
time="2023-10-18T22:47:57+05:30" level=info msg="Loading package arduino from: /home/mmkumr/.arduino15/packages/arduino"
time="2023-10-18T22:47:57+05:30" level=info msg="Checking existence of 'tools' path: /home/mmkumr/.arduino15/packages/arduino/tools"
time="2023-10-18T22:47:57+05:30" level=info msg="Loading tools from dir: /home/mmkumr/.arduino15/packages/arduino/tools"
time="2023-10-18T22:47:57+05:30" level=info msg="Loaded tool" tool="arduino:dfu-util@0.11.0-arduino5"
time="2023-10-18T22:47:57+05:30" level=info msg="Loading package esp32 from: /home/mmkumr/.arduino15/packages/esp32/hardware"
time="2023-10-18T22:47:57+05:30" level=info msg="Adding monitor tool" protocol=serial tool="builtin:serial-monitor"
time="2023-10-18T22:47:57+05:30" level=info msg="Loaded platform" platform="esp32:esp32@2.0.11"
time="2023-10-18T22:47:57+05:30" level=info msg="Checking existence of 'tools' path: /home/mmkumr/.arduino15/packages/esp32/tools"
time="2023-10-18T22:47:57+05:30" level=info msg="Loading tools from dir: /home/mmkumr/.arduino15/packages/esp32/tools"
time="2023-10-18T22:47:57+05:30" level=info msg="Loaded tool" tool="esp32:esptool_py@4.5.1"
time="2023-10-18T22:47:57+05:30" level=info msg="Loaded tool" tool="esp32:mklittlefs@3.0.0-gnu12-dc7f933"
2023-10-18 22:47:57 2023-10-18T17:17:57.936Z daemon INFO time="2023-10-18T22:47:57+05:30" level=info msg="Loaded tool" tool="esp32:mkspiffs@0.2.3"
time="2023-10-18T22:47:57+05:30" level=info msg="Loaded tool" tool="esp32:openocd-esp32@v0.11.0-esp32-20221026"
time="2023-10-18T22:47:57+05:30" level=info msg="Loaded tool" tool="esp32:riscv32-esp-elf-gcc@esp-2021r2-patch5-8.4.0"
time="2023-10-18T22:47:57+05:30" level=info msg="Loaded tool" tool="esp32:riscv32-esp-elf-gdb@11.2_20220823"
time="2023-10-18T22:47:57+05:30" level=info msg="Loaded tool" tool="esp32:xtensa-esp-elf-gdb@11.2_20220823"
time="2023-10-18T22:47:57+05:30" level=info msg="Loaded tool" tool="esp32:xtensa-esp32-elf-gcc@esp-2021r2-patch5-8.4.0"
time="2023-10-18T22:47:57+05:30" level=info msg="Loaded tool" tool="esp32:xtensa-esp32s2-elf-gcc@esp-2021r2-patch5-8.4.0"
time="2023-10-18T22:47:57+05:30" level=info msg="Loaded tool" tool="esp32:xtensa-esp32s3-elf-gcc@esp-2021r2-patch5-8.4.0"
time="2023-10-18T22:47:57+05:30" level=info msg="Starting download" url="https://downloads.arduino.cc/tools/ctags-5.8-arduino11-pm-x86_64-pc-linux-gnu.tar.bz2"
2023-10-18 22:47:59 2023-10-18T17:17:59.331Z daemon INFO time="2023-10-18T22:47:59+05:30" level=info msg="Installing tool" Tool="builtin:ctags@5.8-arduino11"
2023-10-18 22:47:59 2023-10-18T17:17:59.524Z daemon INFO time="2023-10-18T22:47:59+05:30" level=info msg="Skipping tool configuration." Tool="builtin:ctags@5.8-arduino11"
time="2023-10-18T22:47:59+05:30" level=info msg="Tool installed" Tool="builtin:ctags@5.8-arduino11"
time="2023-10-18T22:47:59+05:30" level=info msg="Starting download" url="https://downloads.arduino.cc/discovery/serial-discovery/serial-discovery_v1.4.0_Linux_64bit.tar.gz"
2023-10-18 22:48:00 2023-10-18T17:18:00.119Z root INFO Deploy plugins list: 202.0 ms [Finished 4.258 s after backend start]
2023-10-18 22:48:00 2023-10-18T17:18:00.859Z daemon INFO time="2023-10-18T22:48:00+05:30" level=info msg="Installing tool" Tool="builtin:serial-discovery@1.4.0"
2023-10-18 22:48:00 2023-10-18T17:18:00.929Z daemon INFO time="2023-10-18T22:48:00+05:30" level=info msg="Skipping tool configuration." Tool="builtin:serial-discovery@1.4.0"
time="2023-10-18T22:48:00+05:30" level=info msg="Tool installed" Tool="builtin:serial-discovery@1.4.0"
time="2023-10-18T22:48:00+05:30" level=info msg="Starting download" url="https://downloads.arduino.cc/discovery/mdns-discovery/mdns-discovery_v1.0.9_Linux_64bit.tar.gz"
2023-10-18 22:48:02 2023-10-18T17:18:02.214Z daemon INFO time="2023-10-18T22:48:02+05:30" level=info msg="Installing tool" Tool="builtin:mdns-discovery@1.0.9"
2023-10-18 22:48:02 2023-10-18T17:18:02.333Z daemon INFO time="2023-10-18T22:48:02+05:30" level=info msg="Skipping tool configuration." Tool="builtin:mdns-discovery@1.0.9"
time="2023-10-18T22:48:02+05:30" level=info msg="Tool installed" Tool="builtin:mdns-discovery@1.0.9"
time="2023-10-18T22:48:02+05:30" level=info msg="Starting download" url="https://downloads.arduino.cc/monitor/serial-monitor/serial-monitor_v0.13.0_Linux_64bit.tar.gz"
2023-10-18 22:48:02 2023-10-18T17:18:02.867Z root WARN Frontend a.configure took longer than the expected maximum 100 milliseconds: 616.0 ms [Finished 5.343 s after frontend start]
2023-10-18 22:48:03 2023-10-18T17:18:03.113Z root WARN A command editor.action.toggleStickyScroll is already registered.
2023-10-18 22:48:03 2023-10-18T17:18:03.237Z root WARN Frontend keybindings.onStart took longer than the expected maximum 100 milliseconds: 332.9 ms [Finished 5.783 s after frontend start]
2023-10-18 22:48:03 2023-10-18T17:18:03.633Z root WARN Frontend D.onStart took longer than the expected maximum 100 milliseconds: 243.0 ms [Finished 6.215 s after frontend start]
2023-10-18 22:48:03 2023-10-18T17:18:03.868Z daemon INFO time="2023-10-18T22:48:03+05:30" level=info msg="Installing tool" Tool="builtin:serial-monitor@0.13.0"
2023-10-18 22:48:03 2023-10-18T17:18:03.929Z daemon INFO time="2023-10-18T22:48:03+05:30" level=info msg="Skipping tool configuration." Tool="builtin:serial-monitor@0.13.0"
2023-10-18 22:48:03 2023-10-18T17:18:03.929Z daemon INFO time="2023-10-18T22:48:03+05:30" level=info msg="Tool installed" Tool="builtin:serial-monitor@0.13.0"
time="2023-10-18T22:48:03+05:30" level=info msg="Starting download" url="https://downloads.arduino.cc/discovery/dfu-discovery/dfu-discovery_v0.1.2_Linux_64bit.tar.gz"
2023-10-18 22:48:04 2023-10-18T17:18:04.875Z daemon INFO time="2023-10-18T22:48:04+05:30" level=info msg="Installing tool" Tool="builtin:dfu-discovery@0.1.2"
2023-10-18 22:48:04 2023-10-18T17:18:04.942Z daemon INFO time="2023-10-18T22:48:04+05:30" level=info msg="Skipping tool configuration." Tool="builtin:dfu-discovery@0.1.2"
time="2023-10-18T22:48:04+05:30" level=info msg="Tool installed" Tool="builtin:dfu-discovery@0.1.2"
2023-10-18 22:48:04 2023-10-18T17:18:04.943Z daemon INFO time="2023-10-18T22:48:04+05:30" level=info msg="Loading tools from dir: /home/mmkumr/.arduino15/packages/builtin/tools"
time="2023-10-18T22:48:04+05:30" level=info msg="Loaded tool" tool="builtin:ctags@5.8-arduino11"
time="2023-10-18T22:48:04+05:30" level=info msg="Loaded tool" tool="builtin:dfu-discovery@0.1.2"
time="2023-10-18T22:48:04+05:30" level=info msg="Loaded tool" tool="builtin:mdns-discovery@1.0.9"
time="2023-10-18T22:48:04+05:30" level=info msg="Loaded tool" tool="builtin:serial-discovery@1.4.0"
time="2023-10-18T22:48:04+05:30" level=info msg="Loaded tool" tool="builtin:serial-monitor@0.13.0"
2023-10-18 22:48:04 2023-10-18T17:18:04.944Z daemon INFO time="2023-10-18T22:48:04+05:30" level=info msg="Adding libraries dir" dir=/home/mmkumr/.arduino15/packages/esp32/hardware/esp32/2.0.11/libraries location=platform
time="2023-10-18T22:48:04+05:30" level=info msg="Loading libraries index file" index=/home/mmkumr/.arduino15/library_index.json
2023-10-18 22:48:05 2023-10-18T17:18:05.408Z daemon INFO time="2023-10-18T22:48:05+05:30" level=info msg="Adding libraries dir" dir=/home/mmkumr/.arduino15/libraries location=ide
2023-10-18 22:48:05 2023-10-18T17:18:05.409Z daemon INFO time="2023-10-18T22:48:05+05:30" level=info msg="Adding libraries dir" dir=/home/mmkumr/Arduino/libraries location=user
2023-10-18 22:48:05 2023-10-18T17:18:05.493Z discovery-log INFO start request start watch
2023-10-18 22:48:05 2023-10-18T17:18:05.493Z discovery-log INFO start requested start watch
2023-10-18 22:48:05 2023-10-18T17:18:05.493Z discovery-log INFO start resolved watching
2023-10-18 22:48:05 2023-10-18T17:18:05.495Z daemon INFO time="2023-10-18T22:48:05+05:30" level=info msg="starting discovery builtin:mdns-discovery process"
2023-10-18 22:48:05 2023-10-18T17:18:05.496Z daemon INFO time="2023-10-18T22:48:05+05:30" level=info msg="starting discovery builtin:dfu-discovery process"
time="2023-10-18T22:48:05+05:30" level=info msg="starting discovery builtin:serial-discovery process"
time="2023-10-18T22:48:05+05:30" level=info msg="started discovery builtin:mdns-discovery process"
time="2023-10-18T22:48:05+05:30" level=info msg="sending command HELLO 1 \"arduino-cli 0.34.0\" to discovery builtin:mdns-discovery"
2023-10-18 22:48:05 2023-10-18T17:18:05.501Z daemon INFO time="2023-10-18T22:48:05+05:30" level=info msg="started discovery builtin:serial-discovery process"
time="2023-10-18T22:48:05+05:30" level=info msg="sending command HELLO 1 \"arduino-cli 0.34.0\" to discovery builtin:serial-discovery"
time="2023-10-18T22:48:05+05:30" level=info msg="started discovery builtin:dfu-discovery process"
time="2023-10-18T22:48:05+05:30" level=info msg="sending command HELLO 1 \"arduino-cli 0.34.0\" to discovery builtin:dfu-discovery"
time="2023-10-18T22:48:05+05:30" level=info msg="from discovery builtin:mdns-discovery received message type: hello, message: OK, protocol version: 1"
time="2023-10-18T22:48:05+05:30" level=info msg="sending command START_SYNC to discovery builtin:mdns-discovery"
time="2023-10-18T22:48:05+05:30" level=info msg="from discovery builtin:serial-discovery received message type: hello, message: OK, protocol version: 1"
time="2023-10-18T22:48:05+05:30" level=info msg="sending command START_SYNC to discovery builtin:serial-discovery"
2023-10-18 22:48:05 2023-10-18T17:18:05.504Z daemon INFO time="2023-10-18T22:48:05+05:30" level=info msg="from discovery builtin:mdns-discovery received message type: start_sync, message: OK"
2023-10-18 22:48:05 2023-10-18T17:18:05.504Z daemon INFO time="2023-10-18T22:48:05+05:30" level=info msg="from discovery builtin:serial-discovery received message type: start_sync, message: OK"
time="2023-10-18T22:48:05+05:30" level=info msg="from discovery builtin:dfu-discovery received message type: hello, message: OK, protocol version: 1"
time="2023-10-18T22:48:05+05:30" level=info msg="sending command START_SYNC to discovery builtin:dfu-discovery"
2023-10-18 22:48:05 2023-10-18T17:18:05.510Z daemon INFO time="2023-10-18T22:48:05+05:30" level=info msg="from discovery builtin:dfu-discovery received message type: start_sync, message: OK"
2023-10-18 22:48:05 2023-10-18T17:18:05.559Z root WARN Frontend c.onStart took longer than the expected maximum 100 milliseconds: 1908.5 ms [Finished 8.126 s after frontend start]
2023-10-18 22:48:05 2023-10-18T17:18:05.656Z root INFO Start frontend contributions: 3778.3 ms [Finished 8.149 s after frontend start]
2023-10-18 22:48:05 2023-10-18T17:18:05.657Z root INFO Changed application state from 'init' to 'started_contributions'.
2023-10-18 22:48:05 2023-10-18T17:18:05.684Z root INFO Changed application state from 'started_contributions' to 'attached_shell'.
2023-10-18 22:48:05 2023-10-18T17:18:05.684Z root INFO >>> Restoring the layout state...
2023-10-18 22:48:05 2023-10-18T17:18:05.687Z root INFO <<< Nothing to restore.
2023-10-18 22:48:05 2023-10-18T17:18:05.776Z root INFO Initialize the workbench layout: 68.6 ms [Finished 8.334 s after frontend start]
2023-10-18 22:48:05 2023-10-18T17:18:05.829Z root INFO Changed application state from 'attached_shell' to 'initialized_layout'.
2023-10-18 22:48:06 2023-10-18T17:18:06.010Z root INFO [d4102005-e266-48ae-a2ce-d8e13b77c5e2] Waiting for backend deployment: 451.4 ms [Finished 8.583 s after frontend start]
2023-10-18 22:48:07 2023-10-18T17:18:07.654Z root INFO [hosted-plugin: 41605] PLUGIN_HOST(41605) starting instance
2023-10-18 22:48:07 2023-10-18T17:18:07.991Z root INFO Frontend application start: 5278.0 ms [Finished 12.125 s after backend start]
2023-10-18 22:48:08 2023-10-18T17:18:08.223Z root INFO Replace loading indicator with ready workbench UI (animation): 989.2 ms [Finished 9.402 s after frontend start]
2023-10-18 22:48:08 2023-10-18T17:18:08.223Z root INFO Changed application state from 'initialized_layout' to 'ready'.
2023-10-18 22:48:08 2023-10-18T17:18:08.224Z root WARN Linked preference "workbench.colorCustomizations" not found. Source: "editor.bracketPairColorization.enabled"
2023-10-18 22:48:09 2023-10-18T17:18:09.413Z root ERROR ---- !!!SLOW!!! DURATION: search took 1202.252 ms. Args: [{"type":"Updatable"}] ----
2023-10-18 22:48:09 2023-10-18T17:18:09.926Z root INFO [d4102005-e266-48ae-a2ce-d8e13b77c5e2] Sync of 23 plugins: 3843.8 ms [Finished 12.427 s after frontend start]
2023-10-18 22:48:09 2023-10-18T17:18:09.927Z root INFO [d4102005-e266-48ae-a2ce-d8e13b77c5e2] Loading plugin contributions
2023-10-18 22:48:09 2023-10-18T17:18:09.927Z root INFO [d4102005-e266-48ae-a2ce-d8e13b77c5e2] Load contributions of 23 plugins: 74.9 ms [Finished 12.502 s after frontend start]
2023-10-18 22:48:10 2023-10-18T17:18:10.415Z daemon INFO time="2023-10-18T22:48:10+05:30" level=info msg="Updating libraries index"
time="2023-10-18T22:48:10+05:30" level=info msg="Starting download" url="https://downloads.arduino.cc/libraries/library_index.tar.bz2"
time="2023-10-18T22:48:10+05:30" level=info msg="Updating index" url="https://downloads.arduino.cc/packages/package_index.tar.bz2"
time="2023-10-18T22:48:10+05:30" level=info msg="Starting download" url="https://downloads.arduino.cc/packages/package_index.tar.bz2"
2023-10-18 22:48:10 2023-10-18T17:18:10.427Z root INFO core-client-provider [library-index] Downloading index: library_index.tar.bz2

2023-10-18 22:48:10 2023-10-18T17:18:10.430Z root INFO core-client-provider [platform-index] Downloading index: package_index.tar.bz2

2023-10-18 22:48:10 2023-10-18T17:18:10.438Z root WARN 'cpp' language is remapped from 'source.cpp.embedded.macro' to 'source.cpp' scope
2023-10-18 22:48:10 2023-10-18T17:18:10.438Z root WARN a registered grammar configuration for 'cpp' language is overridden
2023-10-18 22:48:11 2023-10-18T17:18:11.003Z root ERROR ---- !!!SLOW!!! DURATION: search took 340.094 ms. Args: [{"query":"Arduino_BuiltIn"}] ----
2023-10-18 22:48:11 2023-10-18T17:18:11.409Z root INFO >>> Starting boards package installation... {
  id: 'arduino:avr',
  name: 'Arduino AVR Boards',
  author: 'Arduino',
  availableVersions: [
    '1.8.6',  '1.8.5',  '1.8.4',
    '1.8.3',  '1.8.2',  '1.8.1',
    '1.6.23', '1.6.22', '1.6.21',
    '1.6.20', '1.6.19', '1.6.18',
    '1.6.17', '1.6.16', '1.6.15',
    '1.6.14', '1.6.13', '1.6.12',
    '1.6.11', '1.6.10', '1.6.9',
    '1.6.8',  '1.6.7',  '1.6.6',
    '1.6.5',  '1.6.4',  '1.6.3',
    '1.6.2'
  ],
  description: 'Arduino Yún, Arduino UNO, Arduino UNO Mini, Arduino UNO WiFi, Arduino Diecimila, Arduino Nano, Arduino Mega, Arduino Mega ADK, Arduino Leonardo, Arduino Leonardo Ethernet, Arduino Micro, Arduino Esplora, Arduino Mini, Arduino Ethernet, Arduino Fio, Arduino BT, Arduino LilyPad USB, Arduino LilyPad, Arduino Pro, Arduino ATMegaNG, Arduino Robot Control, Arduino Robot Motor, Arduino Gemma, Adafruit Circuit Playground, Arduino Yún Mini, Arduino Industrial 101, Linino One',
  types: [ 'Arduino' ],
  deprecated: false,
  summary: 'Boards included in this package:',
  installedVersion: undefined,
  boards: [
    { name: 'Arduino Yún', fqbn: '' },
    { name: 'Arduino UNO', fqbn: '' },
    { name: 'Arduino UNO Mini', fqbn: '' },
    { name: 'Arduino UNO WiFi', fqbn: '' },
    { name: 'Arduino Diecimila', fqbn: '' },
    { name: 'Arduino Nano', fqbn: '' },
    { name: 'Arduino Mega', fqbn: '' },
    { name: 'Arduino Mega ADK', fqbn: '' },
    { name: 'Arduino Leonardo', fqbn: '' },
    { name: 'Arduino Leonardo Ethernet', fqbn: '' },
    { name: 'Arduino Micro', fqbn: '' },
    { name: 'Arduino Esplora', fqbn: '' },
    { name: 'Arduino Mini', fqbn: '' },
    { name: 'Arduino Ethernet', fqbn: '' },
    { name: 'Arduino Fio', fqbn: '' },
    { name: 'Arduino BT', fqbn: '' },
    { name: 'Arduino LilyPad USB', fqbn: '' },
    { name: 'Arduino LilyPad', fqbn: '' },
    { name: 'Arduino Pro', fqbn: '' },
    { name: 'Arduino ATMegaNG', fqbn: '' },
    { name: 'Arduino Robot Control', fqbn: '' },
    { name: 'Arduino Robot Motor', fqbn: '' },
    { name: 'Arduino Gemma', fqbn: '' },
    { name: 'Adafruit Circuit Playground', fqbn: '' },
    { name: 'Arduino Yún Mini', fqbn: '' },
    { name: 'Arduino Industrial 101', fqbn: '' },
    { name: 'Linino One', fqbn: '' }
  ],
  moreInfoLink: 'http://www.arduino.cc/',
  index: 0
}
2023-10-18 22:48:11 2023-10-18T17:18:11.416Z discovery-log INFO stop
2023-10-18 22:48:11 2023-10-18T17:18:11.416Z discovery-log INFO >>> Stopping boards watcher...
2023-10-18 22:48:11 2023-10-18T17:18:11.416Z discovery-log INFO Canceling boards watcher...
2023-10-18 22:48:11 2023-10-18T17:18:11.416Z discovery-log INFO disposing requesting cancel
2023-10-18 22:48:11 2023-10-18T17:18:11.416Z discovery-log INFO disposing canceled
2023-10-18 22:48:11 2023-10-18T17:18:11.419Z discovery-log INFO error received
2023-10-18 22:48:11 2023-10-18T17:18:11.419Z discovery-log INFO cancel error received!
2023-10-18 22:48:11 2023-10-18T17:18:11.420Z discovery-log INFO stop received event: either end or cancel
2023-10-18 22:48:11 2023-10-18T17:18:11.420Z discovery-log INFO stop stopped
2023-10-18 22:48:11 2023-10-18T17:18:11.420Z discovery-log INFO received end
2023-10-18 22:48:11 2023-10-18T17:18:11.423Z root WARN Timeout after 5000 millis. The editor has not shown up in time. URI: file:///tmp/.arduinoIDE-unsaved2023918-41353-qsju3i.sy3yh/sketch_oct18a/sketch_oct18a.ino
2023-10-18 22:48:11 2023-10-18T17:18:11.428Z daemon INFO time="2023-10-18T22:48:11+05:30" level=info msg="boards watcher stream closed"
time="2023-10-18T22:48:11+05:30" level=info msg="Starting download" url="http://downloads.arduino.cc/tools/avr-gcc-7.3.0-atmel3.6.1-arduino7-x86_64-pc-linux-gnu.tar.bz2"
2023-10-18 22:48:12 2023-10-18T17:18:12.600Z root ERROR [hosted-plugin: 41605] Conflict in settings file Default: Ignoring cortex-debug.armToolchainPath.linux as cortex-debug.armToolchainPath is null
2023-10-18 22:48:12 2023-10-18T17:18:12.601Z root ERROR [hosted-plugin: 41605] Conflict in settings file Default: Ignoring cortex-debug.armToolchainPath.osx as cortex-debug.armToolchainPath is null
Conflict in settings file Default: Ignoring cortex-debug.armToolchainPath.windows as cortex-debug.armToolchainPath is null
Conflict in settings file Default: Ignoring cortex-debug.JLinkGDBServerPath.linux as cortex-debug.JLinkGDBServerPath is null
Conflict in settings file Default: Ignoring cortex-debug.JLinkGDBServerPath.osx as cortex-debug.JLinkGDBServerPath is null
Conflict in settings file Default: Ignoring cortex-debug.JLinkGDBServerPath.windows as cortex-debug.JLinkGDBServerPath is null
Conflict in settings file Default: Ignoring cortex-debug.openocdPath.linux as cortex-debug.openocdPath is null
Conflict in settings file Default: Ignoring cortex-debug.openocdPath.osx as cortex-debug.openocdPath is null
Conflict in settings file Default: Ignoring cortex-debug.openocdPath.windows as cortex-debug.openocdPath is null
Conflict in settings file Default: Ignoring cortex-debug.pyocdPath.linux as cortex-debug.pyocdPath is null
Conflict in settings file Default: Ignoring cortex-debug.pyocdPath.osx as cortex-debug.pyocdPath is null
Conflict in settings file Default: Ignoring cortex-debug.pyocdPath.windows as cortex-debug.pyocdPath is null
2023-10-18 22:48:12 2023-10-18T17:18:12.601Z root ERROR [hosted-plugin: 41605] Conflict in settings file Default: Ignoring cortex-debug.PEGDBServerPath.linux as cortex-debug.PEGDBServerPath is null
Conflict in settings file Default: Ignoring cortex-debug.PEGDBServerPath.osx as cortex-debug.PEGDBServerPath is null
Conflict in settings file Default: Ignoring cortex-debug.PEGDBServerPath.windows as cortex-debug.PEGDBServerPath is null
Conflict in settings file Default: Ignoring cortex-debug.stutilPath.linux as cortex-debug.stutilPath is null
Conflict in settings file Default: Ignoring cortex-debug.stutilPath.osx as cortex-debug.stutilPath is null
2023-10-18 22:48:12 2023-10-18T17:18:12.602Z root ERROR [hosted-plugin: 41605] Conflict in settings file Default: Ignoring cortex-debug.stutilPath.windows as cortex-debug.stutilPath is null
Conflict in settings file Default: Ignoring cortex-debug.stlinkPath.linux as cortex-debug.stlinkPath is null
Conflict in settings file Default: Ignoring cortex-debug.stlinkPath.osx as cortex-debug.stlinkPath is null
Conflict in settings file Default: Ignoring cortex-debug.stlinkPath.windows as cortex-debug.stlinkPath is null
Conflict in settings file Default: Ignoring cortex-debug.stm32cubeprogrammer.linux as cortex-debug.stm32cubeprogrammer is null
Conflict in settings file Default: Ignoring cortex-debug.stm32cubeprogrammer.osx as cortex-debug.stm32cubeprogrammer is null
Conflict in settings file Default: Ignoring cortex-debug.stm32cubeprogrammer.windows as cortex-debug.stm32cubeprogrammer is null
2023-10-18 22:48:12 2023-10-18T17:18:12.620Z root INFO [hosted-plugin: 41605] PLUGIN_HOST(41605): PluginManagerExtImpl/init()
2023-10-18 22:48:12 2023-10-18T17:18:12.624Z root INFO [hosted-plugin: 41605] PLUGIN_HOST(41605): initializing(vscode-arduino-api@0.1.2 with /opt/arduino-ide/resources/app/lib/backend/plugin-vscode-init)
2023-10-18 22:48:12 2023-10-18T17:18:12.753Z root INFO [hosted-plugin: 41605] PLUGIN_HOST(41605): initializing(cortex-debug@1.5.1 with /opt/arduino-ide/resources/app/lib/backend/plugin-vscode-init)
2023-10-18 22:48:12 2023-10-18T17:18:12.755Z root INFO [hosted-plugin: 41605] Debugger contribution has been registered: cortex-debug
2023-10-18 22:48:12 2023-10-18T17:18:12.758Z root INFO [hosted-plugin: 41605] PLUGIN_HOST(41605): initializing(vscode-arduino-tools@0.0.2-beta.8 with /opt/arduino-ide/resources/app/lib/backend/plugin-vscode-init)
2023-10-18 22:48:12 2023-10-18T17:18:12.761Z root INFO [hosted-plugin: 41605] PLUGIN_HOST(41605): initializing(cpp@1.52.1 with /opt/arduino-ide/resources/app/lib/backend/plugin-vscode-init)
PLUGIN_HOST(41605): initializing(json@1.46.1 with /opt/arduino-ide/resources/app/lib/backend/plugin-vscode-init)
2023-10-18 22:48:12 2023-10-18T17:18:12.763Z root INFO [hosted-plugin: 41605] PLUGIN_HOST(41605): initializing(json-language-features@1.46.1 with /opt/arduino-ide/resources/app/lib/backend/plugin-vscode-init)
2023-10-18 22:48:12 2023-10-18T17:18:12.767Z root INFO [hosted-plugin: 41605] PLUGIN_HOST(41605): initializing(vscode-language-pack-bg@1.48.3 with /opt/arduino-ide/resources/app/lib/backend/plugin-vscode-init)
2023-10-18 22:48:12 2023-10-18T17:18:12.769Z root INFO [hosted-plugin: 41605] PLUGIN_HOST(41605): initializing(vscode-language-pack-cs@1.78.0 with /opt/arduino-ide/resources/app/lib/backend/plugin-vscode-init)
2023-10-18 22:48:12 2023-10-18T17:18:12.771Z root INFO [hosted-plugin: 41605] PLUGIN_HOST(41605): initializing(vscode-language-pack-de@1.78.0 with /opt/arduino-ide/resources/app/lib/backend/plugin-vscode-init)
2023-10-18 22:48:12 2023-10-18T17:18:12.772Z root INFO [hosted-plugin: 41605] PLUGIN_HOST(41605): initializing(vscode-language-pack-es@1.78.0 with /opt/arduino-ide/resources/app/lib/backend/plugin-vscode-init)
2023-10-18 22:48:12 2023-10-18T17:18:12.774Z root INFO [hosted-plugin: 41605] PLUGIN_HOST(41605): initializing(vscode-language-pack-fr@1.78.0 with /opt/arduino-ide/resources/app/lib/backend/plugin-vscode-init)
2023-10-18 22:48:12 2023-10-18T17:18:12.777Z root INFO [hosted-plugin: 41605] PLUGIN_HOST(41605): initializing(vscode-language-pack-hu@1.48.3 with /opt/arduino-ide/resources/app/lib/backend/plugin-vscode-init)
2023-10-18 22:48:12 2023-10-18T17:18:12.780Z root INFO [hosted-plugin: 41605] PLUGIN_HOST(41605): initializing(vscode-language-pack-it@1.78.0 with /opt/arduino-ide/resources/app/lib/backend/plugin-vscode-init)
2023-10-18 22:48:12 2023-10-18T17:18:12.782Z root INFO [hosted-plugin: 41605] PLUGIN_HOST(41605): initializing(vscode-language-pack-ja@1.78.0 with /opt/arduino-ide/resources/app/lib/backend/plugin-vscode-init)
PLUGIN_HOST(41605): initializing(vscode-language-pack-ko@1.78.0 with /opt/arduino-ide/resources/app/lib/backend/plugin-vscode-init)
PLUGIN_HOST(41605): initializing(vscode-language-pack-nl@1.48.3 with /opt/arduino-ide/resources/app/lib/backend/plugin-vscode-init)
PLUGIN_HOST(41605): initializing(vscode-language-pack-pl@1.78.0 with /opt/arduino-ide/resources/app/lib/backend/plugin-vscode-init)
2023-10-18 22:48:12 2023-10-18T17:18:12.784Z root INFO [hosted-plugin: 41605] PLUGIN_HOST(41605): initializing(vscode-language-pack-pt-BR@1.78.0 with /opt/arduino-ide/resources/app/lib/backend/plugin-vscode-init)
2023-10-18 22:48:12 2023-10-18T17:18:12.784Z root INFO [hosted-plugin: 41605] PLUGIN_HOST(41605): initializing(vscode-language-pack-ru@1.78.0 with /opt/arduino-ide/resources/app/lib/backend/plugin-vscode-init)
2023-10-18 22:48:12 2023-10-18T17:18:12.785Z root INFO [hosted-plugin: 41605] PLUGIN_HOST(41605): initializing(vscode-language-pack-tr@1.78.0 with /opt/arduino-ide/resources/app/lib/backend/plugin-vscode-init)
2023-10-18 22:48:12 2023-10-18T17:18:12.787Z root INFO [hosted-plugin: 41605] PLUGIN_HOST(41605): initializing(vscode-language-pack-uk@1.48.3 with /opt/arduino-ide/resources/app/lib/backend/plugin-vscode-init)
2023-10-18 22:48:12 2023-10-18T17:18:12.788Z root INFO [hosted-plugin: 41605] PLUGIN_HOST(41605): initializing(vscode-language-pack-zh-hans@1.78.0 with /opt/arduino-ide/resources/app/lib/backend/plugin-vscode-init)
2023-10-18 22:48:12 2023-10-18T17:18:12.789Z root INFO [hosted-plugin: 41605] PLUGIN_HOST(41605): initializing(vscode-language-pack-zh-hant@1.78.0 with /opt/arduino-ide/resources/app/lib/backend/plugin-vscode-init)
2023-10-18 22:48:12 2023-10-18T17:18:12.804Z root INFO [hosted-plugin: 41605] PLUGIN_HOST(41605): PluginManagerExtImpl/loadPlugin(/opt/arduino-ide/resources/app/plugins/vscode-arduino-api/extension/dist/extension.js)
2023-10-18 22:48:12 2023-10-18T17:18:12.817Z root INFO [hosted-plugin: 41605] PLUGIN_HOST(41605): PluginManagerExtImpl/loadPlugin(/opt/arduino-ide/resources/app/plugins/vscode-builtin-json-language-features/extension/client/dist/jsonMain)
2023-10-18 22:48:12 2023-10-18T17:18:12.899Z root INFO [d4102005-e266-48ae-a2ce-d8e13b77c5e2] Starting plugins.
2023-10-18 22:48:12 2023-10-18T17:18:12.973Z root INFO [hosted-plugin: 41605] PLUGIN_HOST(41605): PluginManagerExtImpl/loadPlugin(/opt/arduino-ide/resources/app/plugins/cortex-debug/extension/dist/extension.js)
2023-10-18 22:48:13 2023-10-18T17:18:13.111Z root INFO [hosted-plugin: 41605] Debug configuration provider has been registered: cortex-debug, trigger: 1
2023-10-18 22:48:13 2023-10-18T17:18:13.126Z root INFO [hosted-plugin: 41605] GDB server console created
2023-10-18 22:48:13 2023-10-18T17:18:13.155Z root INFO [d4102005-e266-48ae-a2ce-d8e13b77c5e2] Start of 23 plugins: 3199.3 ms [Finished 15.733 s after frontend start]
2023-10-18 22:48:14 2023-10-18T17:18:14.539Z daemon INFO time="2023-10-18T22:48:14+05:30" level=info msg="Checking signature" index=/home/mmkumr/.arduino15/package_index.json signatureFile=/home/mmkumr/.arduino15/package_index.json.sig trusted=true
2023-10-18 22:48:14 2023-10-18T17:18:14.541Z daemon INFO time="2023-10-18T22:48:14+05:30" level=info msg="Loading hardware from: /home/mmkumr/.arduino15/packages"
2023-10-18 22:48:14 2023-10-18T17:18:14.541Z daemon INFO time="2023-10-18T22:48:14+05:30" level=info msg="Loading package arduino from: /home/mmkumr/.arduino15/packages/arduino"
time="2023-10-18T22:48:14+05:30" level=info msg="Checking existence of 'tools' path: /home/mmkumr/.arduino15/packages/arduino/tools"
time="2023-10-18T22:48:14+05:30" level=info msg="Loading tools from dir: /home/mmkumr/.arduino15/packages/arduino/tools"
time="2023-10-18T22:48:14+05:30" level=info msg="Loaded tool" tool="arduino:dfu-util@0.11.0-arduino5"
time="2023-10-18T22:48:14+05:30" level=info msg="Loading package builtin from: /home/mmkumr/.arduino15/packages/builtin"
2023-10-18 22:48:14 2023-10-18T17:18:14.542Z daemon INFO time="2023-10-18T22:48:14+05:30" level=info msg="Checking existence of 'tools' path: /home/mmkumr/.arduino15/packages/builtin/tools"
time="2023-10-18T22:48:14+05:30" level=info msg="Loading tools from dir: /home/mmkumr/.arduino15/packages/builtin/tools"
2023-10-18 22:48:14 2023-10-18T17:18:14.542Z daemon INFO time="2023-10-18T22:48:14+05:30" level=info msg="Loaded tool" tool="builtin:ctags@5.8-arduino11"
time="2023-10-18T22:48:14+05:30" level=info msg="Loaded tool" tool="builtin:dfu-discovery@0.1.2"
2023-10-18 22:48:14 2023-10-18T17:18:14.542Z daemon INFO time="2023-10-18T22:48:14+05:30" level=info msg="Loaded tool" tool="builtin:mdns-discovery@1.0.9"
time="2023-10-18T22:48:14+05:30" level=info msg="Loaded tool" tool="builtin:serial-discovery@1.4.0"
time="2023-10-18T22:48:14+05:30" level=info msg="Loaded tool" tool="builtin:serial-monitor@0.13.0"
2023-10-18 22:48:14 2023-10-18T17:18:14.542Z daemon INFO time="2023-10-18T22:48:14+05:30" level=info msg="Loading package esp32 from: /home/mmkumr/.arduino15/packages/esp32/hardware"
2023-10-18 22:48:14 2023-10-18T17:18:14.631Z daemon INFO time="2023-10-18T22:48:14+05:30" level=info msg="Adding monitor tool" protocol=serial tool="builtin:serial-monitor"
2023-10-18 22:48:14 2023-10-18T17:18:14.632Z daemon INFO time="2023-10-18T22:48:14+05:30" level=info msg="Loaded platform" platform="esp32:esp32@2.0.11"
time="2023-10-18T22:48:14+05:30" level=info msg="Checking existence of 'tools' path: /home/mmkumr/.arduino15/packages/esp32/tools"
time="2023-10-18T22:48:14+05:30" level=info msg="Loading tools from dir: /home/mmkumr/.arduino15/packages/esp32/tools"
2023-10-18 22:48:14 2023-10-18T17:18:14.632Z daemon INFO time="2023-10-18T22:48:14+05:30" level=info msg="Loaded tool" tool="esp32:esptool_py@4.5.1"
time="2023-10-18T22:48:14+05:30" level=info msg="Loaded tool" tool="esp32:mklittlefs@3.0.0-gnu12-dc7f933"
2023-10-18 22:48:14 2023-10-18T17:18:14.634Z daemon INFO time="2023-10-18T22:48:14+05:30" level=info msg="Loaded tool" tool="esp32:mkspiffs@0.2.3"
2023-10-18 22:48:14 2023-10-18T17:18:14.635Z daemon INFO time="2023-10-18T22:48:14+05:30" level=info msg="Loaded tool" tool="esp32:openocd-esp32@v0.11.0-esp32-20221026"
time="2023-10-18T22:48:14+05:30" level=info msg="Loaded tool" tool="esp32:riscv32-esp-elf-gcc@esp-2021r2-patch5-8.4.0"
time="2023-10-18T22:48:14+05:30" level=info msg="Loaded tool" tool="esp32:riscv32-esp-elf-gdb@11.2_20220823"
time="2023-10-18T22:48:14+05:30" level=info msg="Loaded tool" tool="esp32:xtensa-esp-elf-gdb@11.2_20220823"
time="2023-10-18T22:48:14+05:30" level=info msg="Loaded tool" tool="esp32:xtensa-esp32-elf-gcc@esp-2021r2-patch5-8.4.0"
time="2023-10-18T22:48:14+05:30" level=info msg="Loaded tool" tool="esp32:xtensa-esp32s2-elf-gcc@esp-2021r2-patch5-8.4.0"
time="2023-10-18T22:48:14+05:30" level=info msg="Loaded tool" tool="esp32:xtensa-esp32s3-elf-gcc@esp-2021r2-patch5-8.4.0"
2023-10-18 22:48:24 2023-10-18T17:18:24.771Z daemon INFO time="2023-10-18T22:48:24+05:30" level=info msg="Starting download" url="http://downloads.arduino.cc/tools/avrdude-6.3.0-arduino17-x86_64-pc-linux-gnu.tar.bz2"
2023-10-18 22:48:25 2023-10-18T17:18:25.341Z daemon INFO time="2023-10-18T22:48:25+05:30" level=info msg="Starting download" url="http://downloads.arduino.cc/tools/arduinoOTA-1.3.0-linux_amd64.tar.bz2"
2023-10-18 22:48:26 2023-10-18T17:18:26.251Z daemon INFO time="2023-10-18T22:48:26+05:30" level=info msg="Starting download" url="http://downloads.arduino.cc/cores/staging/avr-1.8.6.tar.bz2"
2023-10-18 22:48:28 2023-10-18T17:18:28.679Z daemon INFO time="2023-10-18T22:48:28+05:30" level=info msg="Installing tool" Tool="arduino:avr-gcc@7.3.0-atmel3.6.1-arduino7"
2023-10-18 22:48:46 2023-10-18T17:18:46.982Z daemon INFO time="2023-10-18T22:48:46+05:30" level=info msg="Running tool post_install script" Tool="arduino:avr-gcc@7.3.0-atmel3.6.1-arduino7"
2023-10-18 22:48:46 2023-10-18T17:18:46.983Z daemon INFO time="2023-10-18T22:48:46+05:30" level=info msg="Tool installed" Tool="arduino:avr-gcc@7.3.0-atmel3.6.1-arduino7"
time="2023-10-18T22:48:46+05:30" level=info msg="Installing tool" Tool="arduino:avrdude@6.3.0-arduino17"
2023-10-18 22:48:47 2023-10-18T17:18:47.162Z daemon INFO time="2023-10-18T22:48:47+05:30" level=info msg="Running tool post_install script" Tool="arduino:avrdude@6.3.0-arduino17"
time="2023-10-18T22:48:47+05:30" level=info msg="Tool installed" Tool="arduino:avrdude@6.3.0-arduino17"
time="2023-10-18T22:48:47+05:30" level=info msg="Installing tool" Tool="arduino:arduinoOTA@1.3.0"
2023-10-18 22:48:47 2023-10-18T17:18:47.952Z daemon INFO time="2023-10-18T22:48:47+05:30" level=info msg="Running tool post_install script" Tool="arduino:arduinoOTA@1.3.0"
2023-10-18 22:48:47 2023-10-18T17:18:47.953Z daemon INFO time="2023-10-18T22:48:47+05:30" level=info msg="Tool installed" Tool="arduino:arduinoOTA@1.3.0"
time="2023-10-18T22:48:47+05:30" level=info msg="Installing platform" platform="arduino:avr@1.8.6"
2023-10-18 22:48:50 2023-10-18T17:18:50.021Z daemon INFO time="2023-10-18T22:48:50+05:30" level=info msg="Running post_install script" platform="arduino:avr@1.8.6"
time="2023-10-18T22:48:50+05:30" level=info msg="Platform installed" platform="arduino:avr@1.8.6"
2023-10-18 22:48:50 2023-10-18T17:18:50.023Z daemon INFO time="2023-10-18T22:48:50+05:30" level=info msg="sending command QUIT to discovery builtin:mdns-discovery"
time="2023-10-18T22:48:50+05:30" level=info msg="from discovery builtin:mdns-discovery received message type: quit, message: OK"
time="2023-10-18T22:48:50+05:30" level=info msg="killing discovery builtin:mdns-discovery process"
time="2023-10-18T22:48:50+05:30" level=info msg="Discovery event channel closed builtin:mdns-discovery. Exiting goroutine."
2023-10-18 22:48:50 2023-10-18T17:18:50.025Z daemon INFO time="2023-10-18T22:48:50+05:30" level=info msg="killed discovery builtin:mdns-discovery process"
time="2023-10-18T22:48:50+05:30" level=info msg="Closed and removed discovery builtin:mdns-discovery"
time="2023-10-18T22:48:50+05:30" level=info msg="sending command QUIT to discovery builtin:dfu-discovery"
time="2023-10-18T22:48:50+05:30" level=info msg="from discovery builtin:dfu-discovery received message type: quit, message: OK"
time="2023-10-18T22:48:50+05:30" level=info msg="killing discovery builtin:dfu-discovery process"
time="2023-10-18T22:48:50+05:30" level=info msg="Discovery event channel closed builtin:dfu-discovery. Exiting goroutine."
2023-10-18 22:48:50 2023-10-18T17:18:50.027Z daemon INFO time="2023-10-18T22:48:50+05:30" level=info msg="killed discovery builtin:dfu-discovery process"
time="2023-10-18T22:48:50+05:30" level=info msg="Closed and removed discovery builtin:dfu-discovery"
time="2023-10-18T22:48:50+05:30" level=info msg="sending command QUIT to discovery builtin:serial-discovery"
2023-10-18 22:48:50 2023-10-18T17:18:50.027Z daemon INFO time="2023-10-18T22:48:50+05:30" level=info msg="from discovery builtin:serial-discovery received message type: quit, message: OK"
time="2023-10-18T22:48:50+05:30" level=info msg="killing discovery builtin:serial-discovery process"
2023-10-18 22:48:50 2023-10-18T17:18:50.028Z daemon INFO time="2023-10-18T22:48:50+05:30" level=info msg="Discovery event channel closed builtin:serial-discovery. Exiting goroutine."
time="2023-10-18T22:48:50+05:30" level=info msg="killed discovery builtin:serial-discovery process"
time="2023-10-18T22:48:50+05:30" level=info msg="Closed and removed discovery builtin:serial-discovery"
2023-10-18 22:48:50 2023-10-18T17:18:50.028Z daemon INFO time="2023-10-18T22:48:50+05:30" level=info msg="starting discovery builtin:serial-discovery process"
2023-10-18 22:48:50 2023-10-18T17:18:50.029Z daemon INFO time="2023-10-18T22:48:50+05:30" level=info msg="started discovery builtin:serial-discovery process"
time="2023-10-18T22:48:50+05:30" level=info msg="sending command HELLO 1 \"arduino-cli 0.34.0\" to discovery builtin:serial-discovery"
2023-10-18 22:48:50 2023-10-18T17:18:50.031Z daemon INFO time="2023-10-18T22:48:50+05:30" level=info msg="from discovery builtin:serial-discovery received message type: hello, message: OK, protocol version: 1"
time="2023-10-18T22:48:50+05:30" level=info msg="sending command START_SYNC to discovery builtin:serial-discovery"
2023-10-18 22:48:50 2023-10-18T17:18:50.034Z daemon INFO time="2023-10-18T22:48:50+05:30" level=info msg="from discovery builtin:serial-discovery received message type: start_sync, message: OK"
2023-10-18 22:48:50 2023-10-18T17:18:50.035Z daemon INFO time="2023-10-18T22:48:50+05:30" level=info msg="starting discovery builtin:mdns-discovery process"
2023-10-18 22:48:50 2023-10-18T17:18:50.046Z daemon INFO time="2023-10-18T22:48:50+05:30" level=info msg="started discovery builtin:mdns-discovery process"
time="2023-10-18T22:48:50+05:30" level=info msg="sending command HELLO 1 \"arduino-cli 0.34.0\" to discovery builtin:mdns-discovery"
2023-10-18 22:48:50 2023-10-18T17:18:50.051Z daemon INFO time="2023-10-18T22:48:50+05:30" level=info msg="from discovery builtin:mdns-discovery received message type: hello, message: OK, protocol version: 1"
time="2023-10-18T22:48:50+05:30" level=info msg="sending command START_SYNC to discovery builtin:mdns-discovery"
2023-10-18 22:48:50 2023-10-18T17:18:50.055Z daemon INFO time="2023-10-18T22:48:50+05:30" level=info msg="from discovery builtin:mdns-discovery received message type: start_sync, message: OK"
time="2023-10-18T22:48:50+05:30" level=info msg="starting discovery builtin:dfu-discovery process"
2023-10-18 22:48:50 2023-10-18T17:18:50.063Z daemon INFO time="2023-10-18T22:48:50+05:30" level=info msg="started discovery builtin:dfu-discovery process"
time="2023-10-18T22:48:50+05:30" level=info msg="sending command HELLO 1 \"arduino-cli 0.34.0\" to discovery builtin:dfu-discovery"
2023-10-18 22:48:50 2023-10-18T17:18:50.067Z daemon INFO time="2023-10-18T22:48:50+05:30" level=info msg="Checking signature" index=/home/mmkumr/.arduino15/package_index.json signatureFile=/home/mmkumr/.arduino15/package_index.json.sig trusted=true
2023-10-18 22:48:50 2023-10-18T17:18:50.069Z daemon INFO time="2023-10-18T22:48:50+05:30" level=info msg="Loading hardware from: /home/mmkumr/.arduino15/packages"
2023-10-18 22:48:50 2023-10-18T17:18:50.070Z daemon INFO time="2023-10-18T22:48:50+05:30" level=info msg="Loading package arduino from: /home/mmkumr/.arduino15/packages/arduino/hardware"
2023-10-18 22:48:50 2023-10-18T17:18:50.072Z daemon INFO time="2023-10-18T22:48:50+05:30" level=info msg="Missing signature file" index=/home/mmkumr/.arduino15/packages/arduino/hardware/avr/1.8.6/installed.json
2023-10-18 22:48:50 2023-10-18T17:18:50.075Z daemon INFO time="2023-10-18T22:48:50+05:30" level=info msg="Adding monitor tool" protocol=serial tool="builtin:serial-monitor"
time="2023-10-18T22:48:50+05:30" level=info msg="Loaded platform" platform="arduino:avr@1.8.6"
2023-10-18 22:48:50 2023-10-18T17:18:50.075Z daemon INFO time="2023-10-18T22:48:50+05:30" level=info msg="Checking existence of 'tools' path: /home/mmkumr/.arduino15/packages/arduino/tools"
time="2023-10-18T22:48:50+05:30" level=info msg="Loading tools from dir: /home/mmkumr/.arduino15/packages/arduino/tools"
time="2023-10-18T22:48:50+05:30" level=info msg="Loaded tool" tool="arduino:arduinoOTA@1.3.0"
time="2023-10-18T22:48:50+05:30" level=info msg="Loaded tool" tool="arduino:avr-gcc@7.3.0-atmel3.6.1-arduino7"
time="2023-10-18T22:48:50+05:30" level=info msg="Loaded tool" tool="arduino:avrdude@6.3.0-arduino17"
time="2023-10-18T22:48:50+05:30" level=info msg="Loaded tool" tool="arduino:dfu-util@0.11.0-arduino5"
time="2023-10-18T22:48:50+05:30" level=info msg="Loading package builtin from: /home/mmkumr/.arduino15/packages/builtin"
time="2023-10-18T22:48:50+05:30" level=info msg="Checking existence of 'tools' path: /home/mmkumr/.arduino15/packages/builtin/tools"
time="2023-10-18T22:48:50+05:30" level=info msg="Loading tools from dir: /home/mmkumr/.arduino15/packages/builtin/tools"
2023-10-18 22:48:50 2023-10-18T17:18:50.076Z daemon INFO time="2023-10-18T22:48:50+05:30" level=info msg="Loaded tool" tool="builtin:ctags@5.8-arduino11"
time="2023-10-18T22:48:50+05:30" level=info msg="Loaded tool" tool="builtin:dfu-discovery@0.1.2"
time="2023-10-18T22:48:50+05:30" level=info msg="Loaded tool" tool="builtin:mdns-discovery@1.0.9"
time="2023-10-18T22:48:50+05:30" level=info msg="Loaded tool" tool="builtin:serial-discovery@1.4.0"
time="2023-10-18T22:48:50+05:30" level=info msg="Loaded tool" tool="builtin:serial-monitor@0.13.0"
time="2023-10-18T22:48:50+05:30" level=info msg="Loading package esp32 from: /home/mmkumr/.arduino15/packages/esp32/hardware"
2023-10-18 22:48:50 2023-10-18T17:18:50.078Z daemon INFO time="2023-10-18T22:48:50+05:30" level=info msg="from discovery builtin:dfu-discovery received message type: hello, message: OK, protocol version: 1"
time="2023-10-18T22:48:50+05:30" level=info msg="sending command START_SYNC to discovery builtin:dfu-discovery"
2023-10-18 22:48:50 2023-10-18T17:18:50.080Z daemon INFO time="2023-10-18T22:48:50+05:30" level=info msg="from discovery builtin:dfu-discovery received message type: start_sync, message: OK"
time="2023-10-18T22:48:50+05:30" level=info msg="Adding libraries dir" dir=/home/mmkumr/.arduino15/packages/esp32/hardware/esp32/2.0.11/libraries location=platform
time="2023-10-18T22:48:50+05:30" level=info msg="Loading libraries index file" index=/home/mmkumr/.arduino15/library_index.json
2023-10-18 22:48:50 2023-10-18T17:18:50.215Z daemon INFO time="2023-10-18T22:48:50+05:30" level=info msg="Adding monitor tool" protocol=serial tool="builtin:serial-monitor"
2023-10-18 22:48:50 2023-10-18T17:18:50.216Z daemon INFO time="2023-10-18T22:48:50+05:30" level=info msg="Loaded platform" platform="esp32:esp32@2.0.11"
time="2023-10-18T22:48:50+05:30" level=info msg="Checking existence of 'tools' path: /home/mmkumr/.arduino15/packages/esp32/tools"
time="2023-10-18T22:48:50+05:30" level=info msg="Loading tools from dir: /home/mmkumr/.arduino15/packages/esp32/tools"
2023-10-18 22:48:50 2023-10-18T17:18:50.216Z daemon INFO time="2023-10-18T22:48:50+05:30" level=info msg="Loaded tool" tool="esp32:esptool_py@4.5.1"
time="2023-10-18T22:48:50+05:30" level=info msg="Loaded tool" tool="esp32:mklittlefs@3.0.0-gnu12-dc7f933"
time="2023-10-18T22:48:50+05:30" level=info msg="Loaded tool" tool="esp32:mkspiffs@0.2.3"
time="2023-10-18T22:48:50+05:30" level=info msg="Loaded tool" tool="esp32:openocd-esp32@v0.11.0-esp32-20221026"
2023-10-18 22:48:50 2023-10-18T17:18:50.217Z daemon INFO time="2023-10-18T22:48:50+05:30" level=info msg="Loaded tool" tool="esp32:riscv32-esp-elf-gcc@esp-2021r2-patch5-8.4.0"
time="2023-10-18T22:48:50+05:30" level=info msg="Loaded tool" tool="esp32:riscv32-esp-elf-gdb@11.2_20220823"
time="2023-10-18T22:48:50+05:30" level=info msg="Loaded tool" tool="esp32:xtensa-esp-elf-gdb@11.2_20220823"
time="2023-10-18T22:48:50+05:30" level=info msg="Loaded tool" tool="esp32:xtensa-esp32-elf-gcc@esp-2021r2-patch5-8.4.0"
2023-10-18 22:48:50 2023-10-18T17:18:50.217Z daemon INFO time="2023-10-18T22:48:50+05:30" level=info msg="Loaded tool" tool="esp32:xtensa-esp32s2-elf-gcc@esp-2021r2-patch5-8.4.0"
time="2023-10-18T22:48:50+05:30" level=info msg="Loaded tool" tool="esp32:xtensa-esp32s3-elf-gcc@esp-2021r2-patch5-8.4.0"
2023-10-18 22:48:50 2023-10-18T17:18:50.559Z daemon INFO time="2023-10-18T22:48:50+05:30" level=info msg="Adding libraries dir" dir=/home/mmkumr/.arduino15/libraries location=ide
time="2023-10-18T22:48:50+05:30" level=info msg="Adding libraries dir" dir=/home/mmkumr/Arduino/libraries location=user
2023-10-18 22:48:50 2023-10-18T17:18:50.590Z daemon INFO time="2023-10-18T22:48:50+05:30" level=info msg="sending command QUIT to discovery builtin:serial-discovery"
2023-10-18 22:48:50 2023-10-18T17:18:50.590Z daemon INFO time="2023-10-18T22:48:50+05:30" level=info msg="from discovery builtin:serial-discovery received message type: quit, message: OK"
time="2023-10-18T22:48:50+05:30" level=info msg="killing discovery builtin:serial-discovery process"
time="2023-10-18T22:48:50+05:30" level=info msg="Discovery event channel closed builtin:serial-discovery. Exiting goroutine."
2023-10-18 22:48:50 2023-10-18T17:18:50.593Z daemon INFO time="2023-10-18T22:48:50+05:30" level=info msg="killed discovery builtin:serial-discovery process"
time="2023-10-18T22:48:50+05:30" level=info msg="Closed and removed discovery builtin:serial-discovery"
time="2023-10-18T22:48:50+05:30" level=info msg="sending command QUIT to discovery builtin:mdns-discovery"
time="2023-10-18T22:48:50+05:30" level=info msg="from discovery builtin:mdns-discovery received message type: quit, message: OK"
time="2023-10-18T22:48:50+05:30" level=info msg="killing discovery builtin:mdns-discovery process"
time="2023-10-18T22:48:50+05:30" level=info msg="Discovery event channel closed builtin:mdns-discovery. Exiting goroutine."
time="2023-10-18T22:48:50+05:30" level=info msg="killed discovery builtin:mdns-discovery process"
time="2023-10-18T22:48:50+05:30" level=info msg="Closed and removed discovery builtin:mdns-discovery"
time="2023-10-18T22:48:50+05:30" level=info msg="sending command QUIT to discovery builtin:dfu-discovery"
time="2023-10-18T22:48:50+05:30" level=info msg="from discovery builtin:dfu-discovery received message type: quit, message: OK"
2023-10-18 22:48:50 2023-10-18T17:18:50.593Z daemon INFO time="2023-10-18T22:48:50+05:30" level=info msg="killing discovery builtin:dfu-discovery process"
2023-10-18 22:48:50 2023-10-18T17:18:50.594Z daemon INFO time="2023-10-18T22:48:50+05:30" level=info msg="Discovery event channel closed builtin:dfu-discovery. Exiting goroutine."
time="2023-10-18T22:48:50+05:30" level=info msg="killed discovery builtin:dfu-discovery process"
time="2023-10-18T22:48:50+05:30" level=info msg="Closed and removed discovery builtin:dfu-discovery"
2023-10-18 22:48:50 2023-10-18T17:18:50.594Z daemon INFO time="2023-10-18T22:48:50+05:30" level=info msg="starting discovery builtin:serial-discovery process"
2023-10-18 22:48:50 2023-10-18T17:18:50.594Z daemon INFO time="2023-10-18T22:48:50+05:30" level=error msg="stopped discovery builtin:dfu-discovery decode loop: read |0: file already closed"
2023-10-18 22:48:50 2023-10-18T17:18:50.594Z daemon INFO time="2023-10-18T22:48:50+05:30" level=info msg="started discovery builtin:serial-discovery process"
time="2023-10-18T22:48:50+05:30" level=info msg="sending command HELLO 1 \"arduino-cli 0.34.0\" to discovery builtin:serial-discovery"
2023-10-18 22:48:50 2023-10-18T17:18:50.597Z daemon INFO time="2023-10-18T22:48:50+05:30" level=info msg="from discovery builtin:serial-discovery received message type: hello, message: OK, protocol version: 1"
time="2023-10-18T22:48:50+05:30" level=info msg="sending command START_SYNC to discovery builtin:serial-discovery"
2023-10-18 22:48:50 2023-10-18T17:18:50.605Z daemon INFO time="2023-10-18T22:48:50+05:30" level=info msg="from discovery builtin:serial-discovery received message type: start_sync, message: OK"
2023-10-18 22:48:50 2023-10-18T17:18:50.606Z daemon INFO time="2023-10-18T22:48:50+05:30" level=info msg="starting discovery builtin:mdns-discovery process"
time="2023-10-18T22:48:50+05:30" level=info msg="started discovery builtin:mdns-discovery process"
time="2023-10-18T22:48:50+05:30" level=info msg="sending command HELLO 1 \"arduino-cli 0.34.0\" to discovery builtin:mdns-discovery"
2023-10-18 22:48:50 2023-10-18T17:18:50.631Z daemon INFO time="2023-10-18T22:48:50+05:30" level=info msg="from discovery builtin:mdns-discovery received message type: hello, message: OK, protocol version: 1"
time="2023-10-18T22:48:50+05:30" level=info msg="sending command START_SYNC to discovery builtin:mdns-discovery"
time="2023-10-18T22:48:50+05:30" level=info msg="from discovery builtin:mdns-discovery received message type: start_sync, message: OK"
time="2023-10-18T22:48:50+05:30" level=info msg="starting discovery builtin:dfu-discovery process"
time="2023-10-18T22:48:50+05:30" level=info msg="started discovery builtin:dfu-discovery process"
time="2023-10-18T22:48:50+05:30" level=info msg="sending command HELLO 1 \"arduino-cli 0.34.0\" to discovery builtin:dfu-discovery"
2023-10-18 22:48:50 2023-10-18T17:18:50.633Z daemon INFO time="2023-10-18T22:48:50+05:30" level=info msg="from discovery builtin:dfu-discovery received message type: hello, message: OK, protocol version: 1"
time="2023-10-18T22:48:50+05:30" level=info msg="sending command START_SYNC to discovery builtin:dfu-discovery"
2023-10-18 22:48:50 2023-10-18T17:18:50.639Z daemon INFO time="2023-10-18T22:48:50+05:30" level=info msg="from discovery builtin:dfu-discovery received message type: start_sync, message: OK"
time="2023-10-18T22:48:50+05:30" level=info msg="Adding libraries dir" dir=/home/mmkumr/.arduino15/packages/arduino/hardware/avr/1.8.6/libraries location=platform
time="2023-10-18T22:48:50+05:30" level=info msg="Adding libraries dir" dir=/home/mmkumr/.arduino15/packages/esp32/hardware/esp32/2.0.11/libraries location=platform
time="2023-10-18T22:48:50+05:30" level=info msg="Loading libraries index file" index=/home/mmkumr/.arduino15/library_index.json
2023-10-18 22:48:50 2023-10-18T17:18:50.968Z daemon INFO time="2023-10-18T22:48:50+05:30" level=info msg="Adding libraries dir" dir=/home/mmkumr/.arduino15/libraries location=ide
2023-10-18 22:48:50 2023-10-18T17:18:50.969Z daemon INFO time="2023-10-18T22:48:50+05:30" level=info msg="Adding libraries dir" dir=/home/mmkumr/Arduino/libraries location=user
2023-10-18 22:48:50 2023-10-18T17:18:50.994Z discovery-log INFO start
2023-10-18 22:48:50 2023-10-18T17:18:50.994Z discovery-log INFO start new deferred
2023-10-18 22:48:50 2023-10-18T17:18:50.995Z discovery-log INFO start request start watch
2023-10-18 22:48:50 2023-10-18T17:18:50.995Z discovery-log INFO start requested start watch
2023-10-18 22:48:50 2023-10-18T17:18:50.995Z discovery-log INFO start resolved watching
2023-10-18 22:48:51 2023-10-18T17:18:51.071Z root INFO <<< Boards package installation done. {
  id: 'arduino:avr',
  name: 'Arduino AVR Boards',
  author: 'Arduino',
  availableVersions: [
    '1.8.6',  '1.8.5',  '1.8.4',
    '1.8.3',  '1.8.2',  '1.8.1',
    '1.6.23', '1.6.22', '1.6.21',
    '1.6.20', '1.6.19', '1.6.18',
    '1.6.17', '1.6.16', '1.6.15',
    '1.6.14', '1.6.13', '1.6.12',
    '1.6.11', '1.6.10', '1.6.9',
    '1.6.8',  '1.6.7',  '1.6.6',
    '1.6.5',  '1.6.4',  '1.6.3',
    '1.6.2'
  ],
  description: 'Arduino Yún, Arduino UNO, Arduino UNO Mini, Arduino UNO WiFi, Arduino Diecimila, Arduino Nano, Arduino Mega, Arduino Mega ADK, Arduino Leonardo, Arduino Leonardo Ethernet, Arduino Micro, Arduino Esplora, Arduino Mini, Arduino Ethernet, Arduino Fio, Arduino BT, Arduino LilyPad USB, Arduino LilyPad, Arduino Pro, Arduino ATMegaNG, Arduino Robot Control, Arduino Robot Motor, Arduino Gemma, Adafruit Circuit Playground, Arduino Yún Mini, Arduino Industrial 101, Linino One',
  types: [ 'Arduino' ],
  deprecated: false,
  summary: 'Boards included in this package:',
  installedVersion: undefined,
  boards: [
    { name: 'Arduino Yún', fqbn: '' },
    { name: 'Arduino UNO', fqbn: '' },
    { name: 'Arduino UNO Mini', fqbn: '' },
    { name: 'Arduino UNO WiFi', fqbn: '' },
    { name: 'Arduino Diecimila', fqbn: '' },
    { name: 'Arduino Nano', fqbn: '' },
    { name: 'Arduino Mega', fqbn: '' },
    { name: 'Arduino Mega ADK', fqbn: '' },
    { name: 'Arduino Leonardo', fqbn: '' },
    { name: 'Arduino Leonardo Ethernet', fqbn: '' },
    { name: 'Arduino Micro', fqbn: '' },
    { name: 'Arduino Esplora', fqbn: '' },
    { name: 'Arduino Mini', fqbn: '' },
    { name: 'Arduino Ethernet', fqbn: '' },
    { name: 'Arduino Fio', fqbn: '' },
    { name: 'Arduino BT', fqbn: '' },
    { name: 'Arduino LilyPad USB', fqbn: '' },
    { name: 'Arduino LilyPad', fqbn: '' },
    { name: 'Arduino Pro', fqbn: '' },
    { name: 'Arduino ATMegaNG', fqbn: '' },
    { name: 'Arduino Robot Control', fqbn: '' },
    { name: 'Arduino Robot Motor', fqbn: '' },
    { name: 'Arduino Gemma', fqbn: '' },
    { name: 'Adafruit Circuit Playground', fqbn: '' },
    { name: 'Arduino Yún Mini', fqbn: '' },
    { name: 'Arduino Industrial 101', fqbn: '' },
    { name: 'Linino One', fqbn: '' }
  ],
  moreInfoLink: 'http://www.arduino.cc/',
  index: 0
}
2023-10-18 22:48:51 2023-10-18T17:18:51.104Z root INFO >>> Starting library package installation... {
  name: 'Arduino_BuiltIn',
  exampleUris: [],
  location: 0,
  installedVersion: undefined,
  author: 'Arduino',
  availableVersions: [ '1.0.0' ],
  includes: [],
  description: 'The sole purpose of this library is to install the standard Arduino libraries which are typically included with the Arduino IDE.',
  moreInfoLink: 'https://github.com/arduino-libraries/Arduino_BuiltIn',
  summary: 'Shell Arduino library to provide the standard built-in libraries',
  category: 'Other',
  types: [ 'Arduino' ],
  index: 0
}
2023-10-18 22:48:51 2023-10-18T17:18:51.105Z discovery-log INFO stop
2023-10-18 22:48:51 2023-10-18T17:18:51.105Z discovery-log INFO >>> Stopping boards watcher...
2023-10-18 22:48:51 2023-10-18T17:18:51.105Z discovery-log INFO Canceling boards watcher...
2023-10-18 22:48:51 2023-10-18T17:18:51.105Z discovery-log INFO disposing requesting cancel
2023-10-18 22:48:51 2023-10-18T17:18:51.105Z discovery-log INFO disposing canceled
2023-10-18 22:48:51 2023-10-18T17:18:51.107Z discovery-log INFO error received
2023-10-18 22:48:51 2023-10-18T17:18:51.108Z discovery-log INFO cancel error received!
2023-10-18 22:48:51 2023-10-18T17:18:51.108Z discovery-log INFO stop received event: either end or cancel
2023-10-18 22:48:51 2023-10-18T17:18:51.108Z discovery-log INFO stop stopped
2023-10-18 22:48:51 2023-10-18T17:18:51.109Z discovery-log INFO received end
2023-10-18 22:48:51 2023-10-18T17:18:51.110Z daemon INFO time="2023-10-18T22:48:51+05:30" level=info msg="Required tool" tool="arduino:arduinoOTA@1.3.0"
time="2023-10-18T22:48:51+05:30" level=info msg="Required tool" tool="arduino:avr-gcc@7.3.0-atmel3.6.1-arduino7"
time="2023-10-18T22:48:51+05:30" level=info msg="Required tool" tool="arduino:avrdude@6.3.0-arduino17"
time="2023-10-18T22:48:51+05:30" level=info msg="boards watcher stream closed"
2023-10-18 22:48:51 2023-10-18T17:18:51.209Z daemon INFO time="2023-10-18T22:48:51+05:30" level=info msg="Required tool" tool="arduino:arduinoOTA@1.3.0"
time="2023-10-18T22:48:51+05:30" level=info msg="Required tool" tool="arduino:avr-gcc@7.3.0-atmel3.6.1-arduino7"
time="2023-10-18T22:48:51+05:30" level=info msg="Required tool" tool="arduino:avrdude@6.3.0-arduino17"
2023-10-18 22:48:51 2023-10-18T17:18:51.279Z daemon INFO time="2023-10-18T22:48:51+05:30" level=info msg="Required tool" tool="arduino:arduinoOTA@1.3.0"
time="2023-10-18T22:48:51+05:30" level=info msg="Required tool" tool="arduino:avr-gcc@7.3.0-atmel3.6.1-arduino7"
time="2023-10-18T22:48:51+05:30" level=info msg="Required tool" tool="arduino:avrdude@6.3.0-arduino17"
2023-10-18 22:48:51 2023-10-18T17:18:51.308Z daemon INFO time="2023-10-18T22:48:51+05:30" level=info msg="Required tool" tool="arduino:arduinoOTA@1.3.0"
time="2023-10-18T22:48:51+05:30" level=info msg="Required tool" tool="arduino:avr-gcc@7.3.0-atmel3.6.1-arduino7"
time="2023-10-18T22:48:51+05:30" level=info msg="Required tool" tool="arduino:avrdude@6.3.0-arduino17"
2023-10-18 22:48:51 2023-10-18T17:18:51.321Z daemon INFO time="2023-10-18T22:48:51+05:30" level=info msg="Required tool" tool="arduino:arduinoOTA@1.3.0"
time="2023-10-18T22:48:51+05:30" level=info msg="Required tool" tool="arduino:avr-gcc@7.3.0-atmel3.6.1-arduino7"
time="2023-10-18T22:48:51+05:30" level=info msg="Required tool" tool="arduino:avrdude@6.3.0-arduino17"
2023-10-18 22:48:51 2023-10-18T17:18:51.356Z daemon INFO time="2023-10-18T22:48:51+05:30" level=info msg="Required tool" tool="arduino:arduinoOTA@1.3.0"
time="2023-10-18T22:48:51+05:30" level=info msg="Required tool" tool="arduino:avr-gcc@7.3.0-atmel3.6.1-arduino7"
time="2023-10-18T22:48:51+05:30" level=info msg="Required tool" tool="arduino:avrdude@6.3.0-arduino17"
2023-10-18 22:48:51 2023-10-18T17:18:51.365Z daemon INFO time="2023-10-18T22:48:51+05:30" level=info msg="Required tool" tool="arduino:arduinoOTA@1.3.0"
time="2023-10-18T22:48:51+05:30" level=info msg="Required tool" tool="arduino:avr-gcc@7.3.0-atmel3.6.1-arduino7"
time="2023-10-18T22:48:51+05:30" level=info msg="Required tool" tool="arduino:avrdude@6.3.0-arduino17"
2023-10-18 22:48:51 2023-10-18T17:18:51.376Z daemon INFO time="2023-10-18T22:48:51+05:30" level=info msg="Required tool" tool="arduino:arduinoOTA@1.3.0"
time="2023-10-18T22:48:51+05:30" level=info msg="Required tool" tool="arduino:avr-gcc@7.3.0-atmel3.6.1-arduino7"
2023-10-18 22:48:51 2023-10-18T17:18:51.376Z daemon INFO time="2023-10-18T22:48:51+05:30" level=info msg="Required tool" tool="arduino:avrdude@6.3.0-arduino17"
2023-10-18 22:48:51 2023-10-18T17:18:51.385Z daemon INFO time="2023-10-18T22:48:51+05:30" level=info msg="Required tool" tool="arduino:arduinoOTA@1.3.0"
time="2023-10-18T22:48:51+05:30" level=info msg="Required tool" tool="arduino:avr-gcc@7.3.0-atmel3.6.1-arduino7"
2023-10-18 22:48:51 2023-10-18T17:18:51.386Z daemon INFO time="2023-10-18T22:48:51+05:30" level=info msg="Required tool" tool="arduino:avrdude@6.3.0-arduino17"
2023-10-18 22:48:51 2023-10-18T17:18:51.395Z daemon INFO time="2023-10-18T22:48:51+05:30" level=info msg="Required tool" tool="arduino:arduinoOTA@1.3.0"
time="2023-10-18T22:48:51+05:30" level=info msg="Required tool" tool="arduino:avr-gcc@7.3.0-atmel3.6.1-arduino7"
2023-10-18 22:48:51 2023-10-18T17:18:51.396Z daemon INFO time="2023-10-18T22:48:51+05:30" level=info msg="Required tool" tool="arduino:avrdude@6.3.0-arduino17"
2023-10-18 22:48:51 2023-10-18T17:18:51.405Z daemon INFO time="2023-10-18T22:48:51+05:30" level=info msg="Required tool" tool="arduino:arduinoOTA@1.3.0"
time="2023-10-18T22:48:51+05:30" level=info msg="Required tool" tool="arduino:avr-gcc@7.3.0-atmel3.6.1-arduino7"
time="2023-10-18T22:48:51+05:30" level=info msg="Required tool" tool="arduino:avrdude@6.3.0-arduino17"
2023-10-18 22:48:51 2023-10-18T17:18:51.416Z daemon INFO time="2023-10-18T22:48:51+05:30" level=info msg="Required tool" tool="arduino:arduinoOTA@1.3.0"
time="2023-10-18T22:48:51+05:30" level=info msg="Required tool" tool="arduino:avr-gcc@7.3.0-atmel3.6.1-arduino7"
time="2023-10-18T22:48:51+05:30" level=info msg="Required tool" tool="arduino:avrdude@6.3.0-arduino17"
2023-10-18 22:48:51 2023-10-18T17:18:51.437Z daemon INFO time="2023-10-18T22:48:51+05:30" level=info msg="Required tool" tool="arduino:arduinoOTA@1.3.0"
time="2023-10-18T22:48:51+05:30" level=info msg="Required tool" tool="arduino:avr-gcc@7.3.0-atmel3.6.1-arduino7"
time="2023-10-18T22:48:51+05:30" level=info msg="Required tool" tool="arduino:avrdude@6.3.0-arduino17"
2023-10-18 22:48:51 2023-10-18T17:18:51.449Z daemon INFO time="2023-10-18T22:48:51+05:30" level=info msg="Required tool" tool="arduino:arduinoOTA@1.3.0"
time="2023-10-18T22:48:51+05:30" level=info msg="Required tool" tool="arduino:avr-gcc@7.3.0-atmel3.6.1-arduino7"
time="2023-10-18T22:48:51+05:30" level=info msg="Required tool" tool="arduino:avrdude@6.3.0-arduino17"
2023-10-18 22:48:51 2023-10-18T17:18:51.459Z daemon INFO time="2023-10-18T22:48:51+05:30" level=info msg="Required tool" tool="arduino:arduinoOTA@1.3.0"
time="2023-10-18T22:48:51+05:30" level=info msg="Required tool" tool="arduino:avr-gcc@7.3.0-atmel3.6.1-arduino7"
time="2023-10-18T22:48:51+05:30" level=info msg="Required tool" tool="arduino:avrdude@6.3.0-arduino17"
2023-10-18 22:48:51 2023-10-18T17:18:51.472Z daemon INFO time="2023-10-18T22:48:51+05:30" level=info msg="Required tool" tool="arduino:arduinoOTA@1.3.0"
time="2023-10-18T22:48:51+05:30" level=info msg="Required tool" tool="arduino:avr-gcc@7.3.0-atmel3.6.1-arduino7"
time="2023-10-18T22:48:51+05:30" level=info msg="Required tool" tool="arduino:avrdude@6.3.0-arduino17"
2023-10-18 22:48:51 2023-10-18T17:18:51.480Z daemon INFO time="2023-10-18T22:48:51+05:30" level=info msg="Required tool" tool="arduino:arduinoOTA@1.3.0"
time="2023-10-18T22:48:51+05:30" level=info msg="Required tool" tool="arduino:avr-gcc@7.3.0-atmel3.6.1-arduino7"
time="2023-10-18T22:48:51+05:30" level=info msg="Required tool" tool="arduino:avrdude@6.3.0-arduino17"
2023-10-18 22:48:51 2023-10-18T17:18:51.495Z daemon INFO time="2023-10-18T22:48:51+05:30" level=info msg="Starting download" url="https://downloads.arduino.cc/libraries/github.com/arduino-libraries/Ethernet-2.0.2.zip?query=depends"
time="2023-10-18T22:48:51+05:30" level=info msg="Required tool" tool="arduino:arduinoOTA@1.3.0"
time="2023-10-18T22:48:51+05:30" level=info msg="Required tool" tool="arduino:avr-gcc@7.3.0-atmel3.6.1-arduino7"
time="2023-10-18T22:48:51+05:30" level=info msg="Required tool" tool="arduino:avrdude@6.3.0-arduino17"
2023-10-18 22:48:51 2023-10-18T17:18:51.539Z daemon INFO time="2023-10-18T22:48:51+05:30" level=info msg="Required tool" tool="arduino:arduinoOTA@1.3.0"
time="2023-10-18T22:48:51+05:30" level=info msg="Required tool" tool="arduino:avr-gcc@7.3.0-atmel3.6.1-arduino7"
time="2023-10-18T22:48:51+05:30" level=info msg="Required tool" tool="arduino:avrdude@6.3.0-arduino17"
2023-10-18 22:48:51 2023-10-18T17:18:51.564Z daemon INFO time="2023-10-18T22:48:51+05:30" level=info msg="Required tool" tool="arduino:arduinoOTA@1.3.0"
time="2023-10-18T22:48:51+05:30" level=info msg="Required tool" tool="arduino:avr-gcc@7.3.0-atmel3.6.1-arduino7"
time="2023-10-18T22:48:51+05:30" level=info msg="Required tool" tool="arduino:avrdude@6.3.0-arduino17"
2023-10-18 22:48:51 2023-10-18T17:18:51.573Z daemon INFO time="2023-10-18T22:48:51+05:30" level=info msg="Required tool" tool="arduino:arduinoOTA@1.3.0"
time="2023-10-18T22:48:51+05:30" level=info msg="Required tool" tool="arduino:avr-gcc@7.3.0-atmel3.6.1-arduino7"
time="2023-10-18T22:48:51+05:30" level=info msg="Required tool" tool="arduino:avrdude@6.3.0-arduino17"
2023-10-18 22:48:51 2023-10-18T17:18:51.586Z daemon INFO time="2023-10-18T22:48:51+05:30" level=info msg="Required tool" tool="arduino:arduinoOTA@1.3.0"
time="2023-10-18T22:48:51+05:30" level=info msg="Required tool" tool="arduino:avr-gcc@7.3.0-atmel3.6.1-arduino7"
time="2023-10-18T22:48:51+05:30" level=info msg="Required tool" tool="arduino:avrdude@6.3.0-arduino17"
2023-10-18 22:48:51 2023-10-18T17:18:51.609Z daemon INFO time="2023-10-18T22:48:51+05:30" level=info msg="Required tool" tool="arduino:arduinoOTA@1.3.0"
time="2023-10-18T22:48:51+05:30" level=info msg="Required tool" tool="arduino:avr-gcc@7.3.0-atmel3.6.1-arduino7"
time="2023-10-18T22:48:51+05:30" level=info msg="Required tool" tool="arduino:avrdude@6.3.0-arduino17"
2023-10-18 22:48:51 2023-10-18T17:18:51.613Z daemon INFO time="2023-10-18T22:48:51+05:30" level=info msg="Required tool" tool="arduino:arduinoOTA@1.3.0"
time="2023-10-18T22:48:51+05:30" level=info msg="Required tool" tool="arduino:avr-gcc@7.3.0-atmel3.6.1-arduino7"
2023-10-18 22:48:51 2023-10-18T17:18:51.614Z daemon INFO time="2023-10-18T22:48:51+05:30" level=info msg="Required tool" tool="arduino:avrdude@6.3.0-arduino17"
2023-10-18 22:48:51 2023-10-18T17:18:51.622Z daemon INFO time="2023-10-18T22:48:51+05:30" level=info msg="Required tool" tool="arduino:arduinoOTA@1.3.0"
time="2023-10-18T22:48:51+05:30" level=info msg="Required tool" tool="arduino:avr-gcc@7.3.0-atmel3.6.1-arduino7"
time="2023-10-18T22:48:51+05:30" level=info msg="Required tool" tool="arduino:avrdude@6.3.0-arduino17"
2023-10-18 22:48:51 2023-10-18T17:18:51.635Z daemon INFO time="2023-10-18T22:48:51+05:30" level=info msg="Required tool" tool="arduino:arduinoOTA@1.3.0"
time="2023-10-18T22:48:51+05:30" level=info msg="Required tool" tool="arduino:avr-gcc@7.3.0-atmel3.6.1-arduino7"
time="2023-10-18T22:48:51+05:30" level=info msg="Required tool" tool="arduino:avrdude@6.3.0-arduino17"
2023-10-18 22:48:51 2023-10-18T17:18:51.641Z daemon INFO time="2023-10-18T22:48:51+05:30" level=info msg="Required tool" tool="arduino:arduinoOTA@1.3.0"
time="2023-10-18T22:48:51+05:30" level=info msg="Required tool" tool="arduino:avr-gcc@7.3.0-atmel3.6.1-arduino7"
2023-10-18 22:48:51 2023-10-18T17:18:51.642Z daemon INFO time="2023-10-18T22:48:51+05:30" level=info msg="Required tool" tool="arduino:avrdude@6.3.0-arduino17"
2023-10-18 22:48:51 2023-10-18T17:18:51.651Z daemon INFO time="2023-10-18T22:48:51+05:30" level=info msg="Required tool" tool="arduino:arduinoOTA@1.3.0"
time="2023-10-18T22:48:51+05:30" level=info msg="Required tool" tool="arduino:avr-gcc@7.3.0-atmel3.6.1-arduino7"
2023-10-18 22:48:51 2023-10-18T17:18:51.651Z daemon INFO time="2023-10-18T22:48:51+05:30" level=info msg="Required tool" tool="arduino:avrdude@6.3.0-arduino17"
2023-10-18 22:48:51 2023-10-18T17:18:51.657Z daemon INFO time="2023-10-18T22:48:51+05:30" level=info msg="Required tool" tool="arduino:arduinoOTA@1.3.0"
2023-10-18 22:48:51 2023-10-18T17:18:51.658Z daemon INFO time="2023-10-18T22:48:51+05:30" level=info msg="Required tool" tool="arduino:avr-gcc@7.3.0-atmel3.6.1-arduino7"
time="2023-10-18T22:48:51+05:30" level=info msg="Required tool" tool="arduino:avrdude@6.3.0-arduino17"
2023-10-18 22:48:51 2023-10-18T17:18:51.675Z daemon INFO time="2023-10-18T22:48:51+05:30" level=info msg="Required tool" tool="arduino:arduinoOTA@1.3.0"
time="2023-10-18T22:48:51+05:30" level=info msg="Required tool" tool="arduino:avr-gcc@7.3.0-atmel3.6.1-arduino7"
time="2023-10-18T22:48:51+05:30" level=info msg="Required tool" tool="arduino:avrdude@6.3.0-arduino17"
2023-10-18 22:48:51 2023-10-18T17:18:51.682Z daemon INFO time="2023-10-18T22:48:51+05:30" level=info msg="Required tool" tool="arduino:arduinoOTA@1.3.0"
time="2023-10-18T22:48:51+05:30" level=info msg="Required tool" tool="arduino:avr-gcc@7.3.0-atmel3.6.1-arduino7"
time="2023-10-18T22:48:51+05:30" level=info msg="Required tool" tool="arduino:avrdude@6.3.0-arduino17"
2023-10-18 22:48:51 2023-10-18T17:18:51.692Z daemon INFO time="2023-10-18T22:48:51+05:30" level=info msg="Required tool" tool="arduino:arduinoOTA@1.3.0"
time="2023-10-18T22:48:51+05:30" level=info msg="Required tool" tool="arduino:avr-gcc@7.3.0-atmel3.6.1-arduino7"
2023-10-18 22:48:51 2023-10-18T17:18:51.692Z daemon INFO time="2023-10-18T22:48:51+05:30" level=info msg="Required tool" tool="arduino:avrdude@6.3.0-arduino17"
2023-10-18 22:48:51 2023-10-18T17:18:51.700Z daemon INFO time="2023-10-18T22:48:51+05:30" level=info msg="Required tool" tool="arduino:arduinoOTA@1.3.0"
time="2023-10-18T22:48:51+05:30" level=info msg="Required tool" tool="arduino:avr-gcc@7.3.0-atmel3.6.1-arduino7"
time="2023-10-18T22:48:51+05:30" level=info msg="Required tool" tool="arduino:avrdude@6.3.0-arduino17"
2023-10-18 22:48:51 2023-10-18T17:18:51.712Z daemon INFO time="2023-10-18T22:48:51+05:30" level=info msg="Required tool" tool="arduino:arduinoOTA@1.3.0"
time="2023-10-18T22:48:51+05:30" level=info msg="Required tool" tool="arduino:avr-gcc@7.3.0-atmel3.6.1-arduino7"
2023-10-18 22:48:51 2023-10-18T17:18:51.712Z daemon INFO time="2023-10-18T22:48:51+05:30" level=info msg="Required tool" tool="arduino:avrdude@6.3.0-arduino17"
2023-10-18 22:48:51 2023-10-18T17:18:51.720Z daemon INFO time="2023-10-18T22:48:51+05:30" level=info msg="Required tool" tool="arduino:arduinoOTA@1.3.0"
2023-10-18 22:48:51 2023-10-18T17:18:51.721Z daemon INFO time="2023-10-18T22:48:51+05:30" level=info msg="Required tool" tool="arduino:avr-gcc@7.3.0-atmel3.6.1-arduino7"
time="2023-10-18T22:48:51+05:30" level=info msg="Required tool" tool="arduino:avrdude@6.3.0-arduino17"
2023-10-18 22:48:51 2023-10-18T17:18:51.740Z daemon INFO time="2023-10-18T22:48:51+05:30" level=info msg="Required tool" tool="arduino:arduinoOTA@1.3.0"
time="2023-10-18T22:48:51+05:30" level=info msg="Required tool" tool="arduino:avr-gcc@7.3.0-atmel3.6.1-arduino7"
time="2023-10-18T22:48:51+05:30" level=info msg="Required tool" tool="arduino:avrdude@6.3.0-arduino17"
2023-10-18 22:48:51 2023-10-18T17:18:51.748Z daemon INFO time="2023-10-18T22:48:51+05:30" level=info msg="Required tool" tool="arduino:arduinoOTA@1.3.0"
time="2023-10-18T22:48:51+05:30" level=info msg="Required tool" tool="arduino:avr-gcc@7.3.0-atmel3.6.1-arduino7"
2023-10-18 22:48:51 2023-10-18T17:18:51.749Z daemon INFO time="2023-10-18T22:48:51+05:30" level=info msg="Required tool" tool="arduino:avrdude@6.3.0-arduino17"
2023-10-18 22:48:51 2023-10-18T17:18:51.757Z daemon INFO time="2023-10-18T22:48:51+05:30" level=info msg="Required tool" tool="arduino:arduinoOTA@1.3.0"
time="2023-10-18T22:48:51+05:30" level=info msg="Required tool" tool="arduino:avr-gcc@7.3.0-atmel3.6.1-arduino7"
2023-10-18 22:48:51 2023-10-18T17:18:51.758Z daemon INFO time="2023-10-18T22:48:51+05:30" level=info msg="Required tool" tool="arduino:avrdude@6.3.0-arduino17"
2023-10-18 22:48:51 2023-10-18T17:18:51.764Z daemon INFO time="2023-10-18T22:48:51+05:30" level=info msg="Required tool" tool="arduino:arduinoOTA@1.3.0"
time="2023-10-18T22:48:51+05:30" level=info msg="Required tool" tool="arduino:avr-gcc@7.3.0-atmel3.6.1-arduino7"
2023-10-18 22:48:51 2023-10-18T17:18:51.764Z daemon INFO time="2023-10-18T22:48:51+05:30" level=info msg="Required tool" tool="arduino:avrdude@6.3.0-arduino17"
2023-10-18 22:48:51 2023-10-18T17:18:51.773Z daemon INFO time="2023-10-18T22:48:51+05:30" level=info msg="Required tool" tool="arduino:arduinoOTA@1.3.0"
time="2023-10-18T22:48:51+05:30" level=info msg="Required tool" tool="arduino:avr-gcc@7.3.0-atmel3.6.1-arduino7"
time="2023-10-18T22:48:51+05:30" level=info msg="Required tool" tool="arduino:avrdude@6.3.0-arduino17"
2023-10-18 22:48:51 2023-10-18T17:18:51.780Z daemon INFO time="2023-10-18T22:48:51+05:30" level=info msg="Required tool" tool="arduino:arduinoOTA@1.3.0"
2023-10-18 22:48:51 2023-10-18T17:18:51.781Z daemon INFO time="2023-10-18T22:48:51+05:30" level=info msg="Required tool" tool="arduino:avr-gcc@7.3.0-atmel3.6.1-arduino7"
time="2023-10-18T22:48:51+05:30" level=info msg="Required tool" tool="arduino:avrdude@6.3.0-arduino17"
2023-10-18 22:48:51 2023-10-18T17:18:51.793Z daemon INFO time="2023-10-18T22:48:51+05:30" level=info msg="Required tool" tool="arduino:arduinoOTA@1.3.0"
time="2023-10-18T22:48:51+05:30" level=info msg="Required tool" tool="arduino:avr-gcc@7.3.0-atmel3.6.1-arduino7"
time="2023-10-18T22:48:51+05:30" level=info msg="Required tool" tool="arduino:avrdude@6.3.0-arduino17"
2023-10-18 22:48:51 2023-10-18T17:18:51.801Z daemon INFO time="2023-10-18T22:48:51+05:30" level=info msg="Required tool" tool="arduino:arduinoOTA@1.3.0"
time="2023-10-18T22:48:51+05:30" level=info msg="Required tool" tool="arduino:avr-gcc@7.3.0-atmel3.6.1-arduino7"
time="2023-10-18T22:48:51+05:30" level=info msg="Required tool" tool="arduino:avrdude@6.3.0-arduino17"
2023-10-18 22:48:51 2023-10-18T17:18:51.811Z daemon INFO time="2023-10-18T22:48:51+05:30" level=info msg="Required tool" tool="arduino:arduinoOTA@1.3.0"
time="2023-10-18T22:48:51+05:30" level=info msg="Required tool" tool="arduino:avr-gcc@7.3.0-atmel3.6.1-arduino7"
2023-10-18 22:48:51 2023-10-18T17:18:51.812Z daemon INFO time="2023-10-18T22:48:51+05:30" level=info msg="Required tool" tool="arduino:avrdude@6.3.0-arduino17"
2023-10-18 22:48:51 2023-10-18T17:18:51.819Z daemon INFO time="2023-10-18T22:48:51+05:30" level=info msg="Required tool" tool="arduino:arduinoOTA@1.3.0"
time="2023-10-18T22:48:51+05:30" level=info msg="Required tool" tool="arduino:avr-gcc@7.3.0-atmel3.6.1-arduino7"
2023-10-18 22:48:51 2023-10-18T17:18:51.819Z daemon INFO time="2023-10-18T22:48:51+05:30" level=info msg="Required tool" tool="arduino:avrdude@6.3.0-arduino17"
2023-10-18 22:48:51 2023-10-18T17:18:51.829Z daemon INFO time="2023-10-18T22:48:51+05:30" level=info msg="Required tool" tool="arduino:arduinoOTA@1.3.0"
time="2023-10-18T22:48:51+05:30" level=info msg="Required tool" tool="arduino:avr-gcc@7.3.0-atmel3.6.1-arduino7"
time="2023-10-18T22:48:51+05:30" level=info msg="Required tool" tool="arduino:avrdude@6.3.0-arduino17"
2023-10-18 22:48:51 2023-10-18T17:18:51.837Z daemon INFO time="2023-10-18T22:48:51+05:30" level=info msg="Required tool" tool="arduino:arduinoOTA@1.3.0"
time="2023-10-18T22:48:51+05:30" level=info msg="Required tool" tool="arduino:avr-gcc@7.3.0-atmel3.6.1-arduino7"
2023-10-18 22:48:51 2023-10-18T17:18:51.838Z daemon INFO time="2023-10-18T22:48:51+05:30" level=info msg="Required tool" tool="arduino:avrdude@6.3.0-arduino17"
2023-10-18 22:48:51 2023-10-18T17:18:51.857Z daemon INFO time="2023-10-18T22:48:51+05:30" level=info msg="Required tool" tool="arduino:arduinoOTA@1.3.0"
time="2023-10-18T22:48:51+05:30" level=info msg="Required tool" tool="arduino:avr-gcc@7.3.0-atmel3.6.1-arduino7"
time="2023-10-18T22:48:51+05:30" level=info msg="Required tool" tool="arduino:avrdude@6.3.0-arduino17"
2023-10-18 22:48:51 2023-10-18T17:18:51.866Z daemon INFO time="2023-10-18T22:48:51+05:30" level=info msg="Required tool" tool="arduino:arduinoOTA@1.3.0"
time="2023-10-18T22:48:51+05:30" level=info msg="Required tool" tool="arduino:avr-gcc@7.3.0-atmel3.6.1-arduino7"
2023-10-18 22:48:51 2023-10-18T17:18:51.866Z daemon INFO time="2023-10-18T22:48:51+05:30" level=info msg="Required tool" tool="arduino:avrdude@6.3.0-arduino17"
2023-10-18 22:48:51 2023-10-18T17:18:51.876Z daemon INFO time="2023-10-18T22:48:51+05:30" level=info msg="Required tool" tool="arduino:arduinoOTA@1.3.0"
time="2023-10-18T22:48:51+05:30" level=info msg="Required tool" tool="arduino:avr-gcc@7.3.0-atmel3.6.1-arduino7"
time="2023-10-18T22:48:51+05:30" level=info msg="Required tool" tool="arduino:avrdude@6.3.0-arduino17"
2023-10-18 22:48:51 2023-10-18T17:18:51.899Z daemon INFO time="2023-10-18T22:48:51+05:30" level=info msg="Required tool" tool="arduino:arduinoOTA@1.3.0"
time="2023-10-18T22:48:51+05:30" level=info msg="Required tool" tool="arduino:avr-gcc@7.3.0-atmel3.6.1-arduino7"
time="2023-10-18T22:48:51+05:30" level=info msg="Required tool" tool="arduino:avrdude@6.3.0-arduino17"
2023-10-18 22:48:51 2023-10-18T17:18:51.913Z daemon INFO time="2023-10-18T22:48:51+05:30" level=info msg="Required tool" tool="arduino:arduinoOTA@1.3.0"
2023-10-18 22:48:51 2023-10-18T17:18:51.919Z daemon INFO time="2023-10-18T22:48:51+05:30" level=info msg="Required tool" tool="arduino:avr-gcc@7.3.0-atmel3.6.1-arduino7"
time="2023-10-18T22:48:51+05:30" level=info msg="Required tool" tool="arduino:avrdude@6.3.0-arduino17"
2023-10-18 22:48:51 2023-10-18T17:18:51.927Z daemon INFO time="2023-10-18T22:48:51+05:30" level=info msg="Required tool" tool="arduino:arduinoOTA@1.3.0"
time="2023-10-18T22:48:51+05:30" level=info msg="Required tool" tool="arduino:avr-gcc@7.3.0-atmel3.6.1-arduino7"
2023-10-18 22:48:51 2023-10-18T17:18:51.928Z daemon INFO time="2023-10-18T22:48:51+05:30" level=info msg="Required tool" tool="arduino:avrdude@6.3.0-arduino17"
2023-10-18 22:48:51 2023-10-18T17:18:51.937Z daemon INFO time="2023-10-18T22:48:51+05:30" level=info msg="Required tool" tool="arduino:arduinoOTA@1.3.0"
time="2023-10-18T22:48:51+05:30" level=info msg="Required tool" tool="arduino:avr-gcc@7.3.0-atmel3.6.1-arduino7"
2023-10-18 22:48:51 2023-10-18T17:18:51.938Z daemon INFO time="2023-10-18T22:48:51+05:30" level=info msg="Required tool" tool="arduino:avrdude@6.3.0-arduino17"
2023-10-18 22:48:58 2023-10-18T17:18:58.313Z daemon INFO time="2023-10-18T22:48:58+05:30" level=info msg="Installing library" library=Ethernet@2.0.2
2023-10-18 22:48:58 2023-10-18T17:18:58.331Z daemon INFO time="2023-10-18T22:48:58+05:30" level=info msg="Starting download" url="https://downloads.arduino.cc/libraries/github.com/arduino-libraries/Keyboard-1.0.4.zip?query=depends"
2023-10-18 22:48:58 2023-10-18T17:18:58.605Z daemon INFO time="2023-10-18T22:48:58+05:30" level=info msg="Installing library" library=Keyboard@1.0.4
2023-10-18 22:48:58 2023-10-18T17:18:58.612Z daemon INFO time="2023-10-18T22:48:58+05:30" level=info msg="Starting download" url="https://downloads.arduino.cc/libraries/github.com/arduino-libraries/LiquidCrystal-1.0.7.zip?query=depends"
2023-10-18 22:48:59 2023-10-18T17:18:59.670Z daemon INFO time="2023-10-18T22:48:59+05:30" level=info msg="Installing library" library=LiquidCrystal@1.0.7
2023-10-18 22:48:59 2023-10-18T17:18:59.674Z daemon INFO time="2023-10-18T22:48:59+05:30" level=info msg="Starting download" url="https://downloads.arduino.cc/libraries/github.com/arduino-libraries/SD-1.2.4.zip?query=depends"
2023-10-18 22:49:00 2023-10-18T17:19:00.056Z daemon INFO time="2023-10-18T22:49:00+05:30" level=info msg="Installing library" library=SD@1.2.4
2023-10-18 22:49:00 2023-10-18T17:19:00.066Z daemon INFO time="2023-10-18T22:49:00+05:30" level=info msg="Starting download" url="https://downloads.arduino.cc/libraries/github.com/arduino-libraries/Stepper-1.1.3.zip?query=depends"
2023-10-18 22:49:01 2023-10-18T17:19:01.227Z daemon INFO time="2023-10-18T22:49:01+05:30" level=info msg="Installing library" library=Stepper@1.1.3
2023-10-18 22:49:01 2023-10-18T17:19:01.230Z daemon INFO time="2023-10-18T22:49:01+05:30" level=info msg="Starting download" url="https://downloads.arduino.cc/libraries/github.com/arduino-libraries/TFT-1.0.6.zip?query=depends"
2023-10-18 22:49:01 2023-10-18T17:19:01.790Z daemon INFO time="2023-10-18T22:49:01+05:30" level=info msg="Installing library" library=TFT@1.0.6
2023-10-18 22:49:01 2023-10-18T17:19:01.798Z daemon INFO time="2023-10-18T22:49:01+05:30" level=info msg="Starting download" url="https://downloads.arduino.cc/libraries/github.com/arduino-libraries/Mouse-1.0.1.zip?query=depends"
2023-10-18 22:49:02 2023-10-18T17:19:02.119Z daemon INFO time="2023-10-18T22:49:02+05:30" level=info msg="Installing library" library=Mouse@1.0.1
time="2023-10-18T22:49:02+05:30" level=info msg="Starting download" url="https://downloads.arduino.cc/libraries/github.com/arduino-libraries/Servo-1.2.1.zip?query=depends"
2023-10-18 22:49:02 2023-10-18T17:19:02.522Z daemon INFO time="2023-10-18T22:49:02+05:30" level=info msg="Installing library" library=Servo@1.2.1
2023-10-18 22:49:02 2023-10-18T17:19:02.532Z daemon INFO time="2023-10-18T22:49:02+05:30" level=info msg="Starting download" url="https://downloads.arduino.cc/libraries/github.com/firmata/Firmata-2.5.9.zip?query=depends"
2023-10-18 22:49:03 2023-10-18T17:19:03.751Z daemon INFO time="2023-10-18T22:49:03+05:30" level=info msg="Installing library" library=Firmata@2.5.9
2023-10-18 22:49:03 2023-10-18T17:19:03.802Z daemon INFO time="2023-10-18T22:49:03+05:30" level=info msg="Starting download" url="https://downloads.arduino.cc/libraries/github.com/arduino-libraries/Arduino_BuiltIn-1.0.0.zip?query=install-builtin"
2023-10-18 22:49:04 2023-10-18T17:19:04.271Z daemon INFO time="2023-10-18T22:49:04+05:30" level=info msg="Installing library" library=Arduino_BuiltIn@1.0.0
2023-10-18 22:49:04 2023-10-18T17:19:04.322Z daemon INFO time="2023-10-18T22:49:04+05:30" level=info msg="Checking signature" index=/home/mmkumr/.arduino15/package_index.json signatureFile=/home/mmkumr/.arduino15/package_index.json.sig trusted=true
2023-10-18 22:49:04 2023-10-18T17:19:04.325Z daemon INFO time="2023-10-18T22:49:04+05:30" level=info msg="Loading hardware from: /home/mmkumr/.arduino15/packages"
2023-10-18 22:49:04 2023-10-18T17:19:04.326Z daemon INFO time="2023-10-18T22:49:04+05:30" level=info msg="Loading package arduino from: /home/mmkumr/.arduino15/packages/arduino/hardware"
2023-10-18 22:49:04 2023-10-18T17:19:04.328Z daemon INFO time="2023-10-18T22:49:04+05:30" level=info msg="Missing signature file" index=/home/mmkumr/.arduino15/packages/arduino/hardware/avr/1.8.6/installed.json
2023-10-18 22:49:04 2023-10-18T17:19:04.331Z daemon INFO time="2023-10-18T22:49:04+05:30" level=info msg="Adding monitor tool" protocol=serial tool="builtin:serial-monitor"
time="2023-10-18T22:49:04+05:30" level=info msg="Loaded platform" platform="arduino:avr@1.8.6"
2023-10-18 22:49:04 2023-10-18T17:19:04.336Z daemon INFO time="2023-10-18T22:49:04+05:30" level=info msg="Checking existence of 'tools' path: /home/mmkumr/.arduino15/packages/arduino/tools"
time="2023-10-18T22:49:04+05:30" level=info msg="Loading tools from dir: /home/mmkumr/.arduino15/packages/arduino/tools"
time="2023-10-18T22:49:04+05:30" level=info msg="Loaded tool" tool="arduino:arduinoOTA@1.3.0"
time="2023-10-18T22:49:04+05:30" level=info msg="Loaded tool" tool="arduino:avr-gcc@7.3.0-atmel3.6.1-arduino7"
time="2023-10-18T22:49:04+05:30" level=info msg="Loaded tool" tool="arduino:avrdude@6.3.0-arduino17"
time="2023-10-18T22:49:04+05:30" level=info msg="Loaded tool" tool="arduino:dfu-util@0.11.0-arduino5"
time="2023-10-18T22:49:04+05:30" level=info msg="Loading package builtin from: /home/mmkumr/.arduino15/packages/builtin"
time="2023-10-18T22:49:04+05:30" level=info msg="Checking existence of 'tools' path: /home/mmkumr/.arduino15/packages/builtin/tools"
time="2023-10-18T22:49:04+05:30" level=info msg="Loading tools from dir: /home/mmkumr/.arduino15/packages/builtin/tools"
time="2023-10-18T22:49:04+05:30" level=info msg="Loaded tool" tool="builtin:ctags@5.8-arduino11"
time="2023-10-18T22:49:04+05:30" level=info msg="Loaded tool" tool="builtin:dfu-discovery@0.1.2"
time="2023-10-18T22:49:04+05:30" level=info msg="Loaded tool" tool="builtin:mdns-discovery@1.0.9"
time="2023-10-18T22:49:04+05:30" level=info msg="Loaded tool" tool="builtin:serial-discovery@1.4.0"
time="2023-10-18T22:49:04+05:30" level=info msg="Loaded tool" tool="builtin:serial-monitor@0.13.0"
time="2023-10-18T22:49:04+05:30" level=info msg="Loading package esp32 from: /home/mmkumr/.arduino15/packages/esp32/hardware"
2023-10-18 22:49:04 2023-10-18T17:19:04.412Z daemon INFO time="2023-10-18T22:49:04+05:30" level=info msg="Adding monitor tool" protocol=serial tool="builtin:serial-monitor"
time="2023-10-18T22:49:04+05:30" level=info msg="Loaded platform" platform="esp32:esp32@2.0.11"
time="2023-10-18T22:49:04+05:30" level=info msg="Checking existence of 'tools' path: /home/mmkumr/.arduino15/packages/esp32/tools"
time="2023-10-18T22:49:04+05:30" level=info msg="Loading tools from dir: /home/mmkumr/.arduino15/packages/esp32/tools"
2023-10-18 22:49:04 2023-10-18T17:19:04.413Z daemon INFO time="2023-10-18T22:49:04+05:30" level=info msg="Loaded tool" tool="esp32:esptool_py@4.5.1"
time="2023-10-18T22:49:04+05:30" level=info msg="Loaded tool" tool="esp32:mklittlefs@3.0.0-gnu12-dc7f933"
time="2023-10-18T22:49:04+05:30" level=info msg="Loaded tool" tool="esp32:mkspiffs@0.2.3"
time="2023-10-18T22:49:04+05:30" level=info msg="Loaded tool" tool="esp32:openocd-esp32@v0.11.0-esp32-20221026"
time="2023-10-18T22:49:04+05:30" level=info msg="Loaded tool" tool="esp32:riscv32-esp-elf-gcc@esp-2021r2-patch5-8.4.0"
time="2023-10-18T22:49:04+05:30" level=info msg="Loaded tool" tool="esp32:riscv32-esp-elf-gdb@11.2_20220823"
time="2023-10-18T22:49:04+05:30" level=info msg="Loaded tool" tool="esp32:xtensa-esp-elf-gdb@11.2_20220823"
time="2023-10-18T22:49:04+05:30" level=info msg="Loaded tool" tool="esp32:xtensa-esp32-elf-gcc@esp-2021r2-patch5-8.4.0"
time="2023-10-18T22:49:04+05:30" level=info msg="Loaded tool" tool="esp32:xtensa-esp32s2-elf-gcc@esp-2021r2-patch5-8.4.0"
2023-10-18 22:49:04 2023-10-18T17:19:04.413Z daemon INFO time="2023-10-18T22:49:04+05:30" level=info msg="Loaded tool" tool="esp32:xtensa-esp32s3-elf-gcc@esp-2021r2-patch5-8.4.0"
time="2023-10-18T22:49:04+05:30" level=info msg="sending command QUIT to discovery builtin:serial-discovery"
2023-10-18 22:49:04 2023-10-18T17:19:04.414Z daemon INFO time="2023-10-18T22:49:04+05:30" level=info msg="from discovery builtin:serial-discovery received message type: quit, message: OK"
time="2023-10-18T22:49:04+05:30" level=info msg="killing discovery builtin:serial-discovery process"
2023-10-18 22:49:04 2023-10-18T17:19:04.414Z daemon INFO time="2023-10-18T22:49:04+05:30" level=info msg="Discovery event channel closed builtin:serial-discovery. Exiting goroutine."
2023-10-18 22:49:04 2023-10-18T17:19:04.414Z daemon INFO time="2023-10-18T22:49:04+05:30" level=info msg="killed discovery builtin:serial-discovery process"
time="2023-10-18T22:49:04+05:30" level=info msg="Closed and removed discovery builtin:serial-discovery"
time="2023-10-18T22:49:04+05:30" level=info msg="sending command QUIT to discovery builtin:mdns-discovery"
2023-10-18 22:49:04 2023-10-18T17:19:04.414Z daemon INFO time="2023-10-18T22:49:04+05:30" level=info msg="from discovery builtin:mdns-discovery received message type: quit, message: OK"
time="2023-10-18T22:49:04+05:30" level=info msg="killing discovery builtin:mdns-discovery process"
2023-10-18 22:49:04 2023-10-18T17:19:04.415Z daemon INFO time="2023-10-18T22:49:04+05:30" level=info msg="Discovery event channel closed builtin:mdns-discovery. Exiting goroutine."
2023-10-18 22:49:04 2023-10-18T17:19:04.415Z daemon INFO time="2023-10-18T22:49:04+05:30" level=info msg="killed discovery builtin:mdns-discovery process"
time="2023-10-18T22:49:04+05:30" level=info msg="Closed and removed discovery builtin:mdns-discovery"
time="2023-10-18T22:49:04+05:30" level=info msg="sending command QUIT to discovery builtin:dfu-discovery"
2023-10-18 22:49:04 2023-10-18T17:19:04.416Z daemon INFO time="2023-10-18T22:49:04+05:30" level=info msg="from discovery builtin:dfu-discovery received message type: quit, message: OK"
time="2023-10-18T22:49:04+05:30" level=info msg="killing discovery builtin:dfu-discovery process"
2023-10-18 22:49:04 2023-10-18T17:19:04.416Z daemon INFO time="2023-10-18T22:49:04+05:30" level=info msg="Discovery event channel closed builtin:dfu-discovery. Exiting goroutine."
2023-10-18 22:49:04 2023-10-18T17:19:04.416Z daemon INFO time="2023-10-18T22:49:04+05:30" level=info msg="killed discovery builtin:dfu-discovery process"
time="2023-10-18T22:49:04+05:30" level=info msg="Closed and removed discovery builtin:dfu-discovery"
2023-10-18 22:49:04 2023-10-18T17:19:04.417Z daemon INFO time="2023-10-18T22:49:04+05:30" level=info msg="starting discovery builtin:serial-discovery process"
2023-10-18 22:49:04 2023-10-18T17:19:04.417Z daemon INFO time="2023-10-18T22:49:04+05:30" level=info msg="started discovery builtin:serial-discovery process"
time="2023-10-18T22:49:04+05:30" level=info msg="sending command HELLO 1 \"arduino-cli 0.34.0\" to discovery builtin:serial-discovery"
2023-10-18 22:49:04 2023-10-18T17:19:04.419Z daemon INFO time="2023-10-18T22:49:04+05:30" level=info msg="from discovery builtin:serial-discovery received message type: hello, message: OK, protocol version: 1"
time="2023-10-18T22:49:04+05:30" level=info msg="sending command START_SYNC to discovery builtin:serial-discovery"
2023-10-18 22:49:04 2023-10-18T17:19:04.421Z daemon INFO time="2023-10-18T22:49:04+05:30" level=info msg="from discovery builtin:serial-discovery received message type: start_sync, message: OK"
2023-10-18 22:49:04 2023-10-18T17:19:04.421Z daemon INFO time="2023-10-18T22:49:04+05:30" level=info msg="starting discovery builtin:mdns-discovery process"
2023-10-18 22:49:04 2023-10-18T17:19:04.421Z daemon INFO time="2023-10-18T22:49:04+05:30" level=info msg="started discovery builtin:mdns-discovery process"
time="2023-10-18T22:49:04+05:30" level=info msg="sending command HELLO 1 \"arduino-cli 0.34.0\" to discovery builtin:mdns-discovery"
2023-10-18 22:49:04 2023-10-18T17:19:04.424Z daemon INFO time="2023-10-18T22:49:04+05:30" level=info msg="from discovery builtin:mdns-discovery received message type: hello, message: OK, protocol version: 1"
time="2023-10-18T22:49:04+05:30" level=info msg="sending command START_SYNC to discovery builtin:mdns-discovery"
2023-10-18 22:49:04 2023-10-18T17:19:04.424Z daemon INFO time="2023-10-18T22:49:04+05:30" level=info msg="from discovery builtin:mdns-discovery received message type: start_sync, message: OK"
time="2023-10-18T22:49:04+05:30" level=info msg="starting discovery builtin:dfu-discovery process"
2023-10-18 22:49:04 2023-10-18T17:19:04.425Z daemon INFO time="2023-10-18T22:49:04+05:30" level=info msg="started discovery builtin:dfu-discovery process"
time="2023-10-18T22:49:04+05:30" level=info msg="sending command HELLO 1 \"arduino-cli 0.34.0\" to discovery builtin:dfu-discovery"
2023-10-18 22:49:04 2023-10-18T17:19:04.428Z daemon INFO time="2023-10-18T22:49:04+05:30" level=info msg="from discovery builtin:dfu-discovery received message type: hello, message: OK, protocol version: 1"
2023-10-18 22:49:04 2023-10-18T17:19:04.428Z daemon INFO time="2023-10-18T22:49:04+05:30" level=info msg="sending command START_SYNC to discovery builtin:dfu-discovery"
2023-10-18 22:49:04 2023-10-18T17:19:04.429Z daemon INFO time="2023-10-18T22:49:04+05:30" level=info msg="from discovery builtin:dfu-discovery received message type: start_sync, message: OK"
2023-10-18 22:49:04 2023-10-18T17:19:04.429Z daemon INFO time="2023-10-18T22:49:04+05:30" level=info msg="Adding libraries dir" dir=/home/mmkumr/.arduino15/packages/esp32/hardware/esp32/2.0.11/libraries location=platform
2023-10-18 22:49:04 2023-10-18T17:19:04.429Z daemon INFO time="2023-10-18T22:49:04+05:30" level=info msg="Adding libraries dir" dir=/home/mmkumr/.arduino15/packages/arduino/hardware/avr/1.8.6/libraries location=platform
time="2023-10-18T22:49:04+05:30" level=info msg="Loading libraries index file" index=/home/mmkumr/.arduino15/library_index.json
2023-10-18 22:49:04 2023-10-18T17:19:04.782Z daemon INFO time="2023-10-18T22:49:04+05:30" level=info msg="Adding libraries dir" dir=/home/mmkumr/.arduino15/libraries location=ide
2023-10-18 22:49:04 2023-10-18T17:19:04.783Z daemon INFO time="2023-10-18T22:49:04+05:30" level=info msg="Adding libraries dir" dir=/home/mmkumr/Arduino/libraries location=user
2023-10-18 22:49:04 2023-10-18T17:19:04.828Z discovery-log INFO start
2023-10-18 22:49:04 2023-10-18T17:19:04.828Z discovery-log INFO start new deferred
2023-10-18 22:49:04 2023-10-18T17:19:04.829Z discovery-log INFO start request start watch
2023-10-18 22:49:04 2023-10-18T17:19:04.829Z discovery-log INFO start requested start watch
2023-10-18 22:49:04 2023-10-18T17:19:04.829Z discovery-log INFO start resolved watching
2023-10-18 22:49:05 2023-10-18T17:19:05.764Z root ERROR ---- !!!SLOW!!! DURATION: search took 936.497 ms. Args: [{}] ----
2023-10-18 22:49:05 2023-10-18T17:19:05.764Z root INFO <<< Library package installation done. {
  name: 'Arduino_BuiltIn',
  exampleUris: [],
  location: 0,
  installedVersion: undefined,
  author: 'Arduino',
  availableVersions: [ '1.0.0' ],
  includes: [],
  description: 'The sole purpose of this library is to install the standard Arduino libraries which are typically included with the Arduino IDE.',
  moreInfoLink: 'https://github.com/arduino-libraries/Arduino_BuiltIn',
  summary: 'Shell Arduino library to provide the standard built-in libraries',
  category: 'Other',
  types: [ 'Arduino' ],
  index: 0
}
