[2023-11-06 19:21:59.300] [info] {
  level: 'info',
  from: 'AssetCache',
  type: 'syncVersionSameSkippingSync'
}
[2023-11-06 19:21:59.303] [info] {
  level: 'info',
  from: 'AssetCache',
  type: 'performingFileRequest2',
  data: {
    message: 'Performing file request: /__notion-enhancer/env/fs.mjs, abs path /home/mmkumr/.config/notion-app-enhanced/notionAssetCache-v2/23.12.0.262/assets/_assets/index-en-US-38234a4eb540e1a6.html'
  }
}
[2023-11-06 19:21:59.304] [info] {
  level: 'error',
  from: 'schemeHandler',
  type: 'requestHandlerError',
  error: {
    name: 'TypeError',
    message: 'One-time callback was called more than once',
    stack: 'TypeError: One-time callback was called more than once\n' +
      '    at AsyncFunction.<anonymous> (/opt/Notion Enhanced/resources/app.asar/main/schemeHandler.js:168:17)'
  }
}
[2023-11-06 19:21:59.305] [info] {
  level: 'error',
  from: 'main',
  type: 'unhandledRejection',
  error: {
    name: 'TypeError',
    message: 'One-time callback was called more than once',
    stack: 'TypeError: One-time callback was called more than once\n' +
      '    at AsyncFunction.<anonymous> (/opt/Notion Enhanced/resources/app.asar/main/schemeHandler.js:185:13)'
  }
}
[2023-11-06 19:21:59.308] [info] {
  level: 'info',
  from: 'AssetCache',
  type: 'syncVersionSameSkippingSync'
}
[2023-11-06 19:21:59.308] [info] {
  level: 'info',
  from: 'AssetCache',
  type: 'performingFileRequest2',
  data: {
    message: 'Performing file request: /__notion-enhancer/env/env.mjs, abs path /home/mmkumr/.config/notion-app-enhanced/notionAssetCache-v2/23.12.0.262/assets/_assets/index-en-US-38234a4eb540e1a6.html'
  }
}
[2023-11-06 19:21:59.309] [info] {
  level: 'error',
  from: 'schemeHandler',
  type: 'requestHandlerError',
  error: {
    name: 'TypeError',
    message: 'One-time callback was called more than once',
    stack: 'TypeError: One-time callback was called more than once\n' +
      '    at AsyncFunction.<anonymous> (/opt/Notion Enhanced/resources/app.asar/main/schemeHandler.js:168:17)'
  }
}
[2023-11-06 19:21:59.310] [info] {
  level: 'error',
  from: 'main',
  type: 'unhandledRejection',
  error: {
    name: 'TypeError',
    message: 'One-time callback was called more than once',
    stack: 'TypeError: One-time callback was called more than once\n' +
      '    at AsyncFunction.<anonymous> (/opt/Notion Enhanced/resources/app.asar/main/schemeHandler.js:185:13)'
  }
}
[2023-11-06 19:21:59.314] [info] {
  level: 'info',
  from: 'AssetCache',
  type: 'syncVersionSameSkippingSync'
}
[2023-11-06 19:21:59.316] [info] {
  level: 'info',
  from: 'AssetCache',
  type: 'syncVersionSameSkippingSync'
}
[2023-11-06 19:21:59.317] [info] {
  level: 'info',
  from: 'AssetCache',
  type: 'performingFileRequest2',
  data: {
    message: 'Performing file request: /__notion-enhancer/env/storage.mjs, abs path /home/mmkumr/.config/notion-app-enhanced/notionAssetCache-v2/23.12.0.262/assets/_assets/index-en-US-38234a4eb540e1a6.html'
  }
}
[2023-11-06 19:21:59.319] [info] {
  level: 'error',
  from: 'schemeHandler',
  type: 'requestHandlerError',
  error: {
    name: 'TypeError',
    message: 'One-time callback was called more than once',
    stack: 'TypeError: One-time callback was called more than once\n' +
      '    at AsyncFunction.<anonymous> (/opt/Notion Enhanced/resources/app.asar/main/schemeHandler.js:168:17)'
  }
}
[2023-11-06 19:21:59.320] [info] {
  level: 'error',
  from: 'main',
  type: 'unhandledRejection',
  error: {
    name: 'TypeError',
    message: 'One-time callback was called more than once',
    stack: 'TypeError: One-time callback was called more than once\n' +
      '    at AsyncFunction.<anonymous> (/opt/Notion Enhanced/resources/app.asar/main/schemeHandler.js:185:13)'
  }
}
[2023-11-06 19:21:59.324] [info] {
  level: 'info',
  from: 'AssetCache',
  type: 'syncVersionSameSkippingSync'
}
[2023-11-06 19:21:59.327] [info] {
  level: 'info',
  from: 'AssetCache',
  type: 'syncVersionSameSkippingSync'
}
[2023-11-06 19:21:59.329] [info] {
  level: 'info',
  from: 'AssetCache',
  type: 'syncVersionSameSkippingSync'
}
[2023-11-06 19:21:59.330] [info] {
  level: 'info',
  from: 'AssetCache',
  type: 'performingFileRequest2',
  data: {
    message: 'Performing file request: /__notion-enhancer/api/registry-validation.mjs, abs path /home/mmkumr/.config/notion-app-enhanced/notionAssetCache-v2/23.12.0.262/assets/_assets/index-en-US-38234a4eb540e1a6.html'
  }
}
[2023-11-06 19:21:59.330] [info] {
  level: 'error',
  from: 'schemeHandler',
  type: 'requestHandlerError',
  error: {
    name: 'TypeError',
    message: 'One-time callback was called more than once',
    stack: 'TypeError: One-time callback was called more than once\n' +
      '    at AsyncFunction.<anonymous> (/opt/Notion Enhanced/resources/app.asar/main/schemeHandler.js:168:17)'
  }
}
[2023-11-06 19:21:59.331] [info] {
  level: 'error',
  from: 'main',
  type: 'unhandledRejection',
  error: {
    name: 'TypeError',
    message: 'One-time callback was called more than once',
    stack: 'TypeError: One-time callback was called more than once\n' +
      '    at AsyncFunction.<anonymous> (/opt/Notion Enhanced/resources/app.asar/main/schemeHandler.js:185:13)'
  }
}
[2023-11-06 19:21:59.332] [info] {
  level: 'info',
  from: 'AssetCache',
  type: 'performingFileRequest2',
  data: {
    message: 'Performing file request: /__notion-enhancer/api/components/tooltip.mjs, abs path /home/mmkumr/.config/notion-app-enhanced/notionAssetCache-v2/23.12.0.262/assets/_assets/index-en-US-38234a4eb540e1a6.html'
  }
}
[2023-11-06 19:21:59.333] [info] {
  level: 'error',
  from: 'schemeHandler',
  type: 'requestHandlerError',
  error: {
    name: 'TypeError',
    message: 'One-time callback was called more than once',
    stack: 'TypeError: One-time callback was called more than once\n' +
      '    at AsyncFunction.<anonymous> (/opt/Notion Enhanced/resources/app.asar/main/schemeHandler.js:168:17)'
  }
}
[2023-11-06 19:21:59.334] [info] {
  level: 'error',
  from: 'main',
  type: 'unhandledRejection',
  error: {
    name: 'TypeError',
    message: 'One-time callback was called more than once',
    stack: 'TypeError: One-time callback was called more than once\n' +
      '    at AsyncFunction.<anonymous> (/opt/Notion Enhanced/resources/app.asar/main/schemeHandler.js:185:13)'
  }
}
[2023-11-06 19:21:59.339] [info] {
  level: 'info',
  from: 'AssetCache',
  type: 'performingFileRequest2',
  data: {
    message: 'Performing file request: /__notion-enhancer/api/components/feather.mjs, abs path /home/mmkumr/.config/notion-app-enhanced/notionAssetCache-v2/23.12.0.262/assets/_assets/index-en-US-38234a4eb540e1a6.html'
  }
}
[2023-11-06 19:21:59.339] [info] {
  level: 'error',
  from: 'schemeHandler',
  type: 'requestHandlerError',
  error: {
    name: 'TypeError',
    message: 'One-time callback was called more than once',
    stack: 'TypeError: One-time callback was called more than once\n' +
      '    at AsyncFunction.<anonymous> (/opt/Notion Enhanced/resources/app.asar/main/schemeHandler.js:168:17)'
  }
}
[2023-11-06 19:21:59.340] [info] {
  level: 'error',
  from: 'main',
  type: 'unhandledRejection',
  error: {
    name: 'TypeError',
    message: 'One-time callback was called more than once',
    stack: 'TypeError: One-time callback was called more than once\n' +
      '    at AsyncFunction.<anonymous> (/opt/Notion Enhanced/resources/app.asar/main/schemeHandler.js:185:13)'
  }
}
[2023-11-06 19:21:59.341] [info] {
  level: 'info',
  from: 'AssetCache',
  type: 'performingFileRequest2',
  data: {
    message: 'Performing file request: /__notion-enhancer/api/components/panel.mjs, abs path /home/mmkumr/.config/notion-app-enhanced/notionAssetCache-v2/23.12.0.262/assets/_assets/index-en-US-38234a4eb540e1a6.html'
  }
}
[2023-11-06 19:21:59.341] [info] {
  level: 'error',
  from: 'schemeHandler',
  type: 'requestHandlerError',
  error: {
    name: 'TypeError',
    message: 'One-time callback was called more than once',
    stack: 'TypeError: One-time callback was called more than once\n' +
      '    at AsyncFunction.<anonymous> (/opt/Notion Enhanced/resources/app.asar/main/schemeHandler.js:168:17)'
  }
}
[2023-11-06 19:21:59.342] [info] {
  level: 'error',
  from: 'main',
  type: 'unhandledRejection',
  error: {
    name: 'TypeError',
    message: 'One-time callback was called more than once',
    stack: 'TypeError: One-time callback was called more than once\n' +
      '    at AsyncFunction.<anonymous> (/opt/Notion Enhanced/resources/app.asar/main/schemeHandler.js:185:13)'
  }
}
[2023-11-06 19:21:59.343] [info] {
  level: 'info',
  from: 'AssetCache',
  type: 'performingFileRequest2',
  data: {
    message: 'Performing file request: /__notion-enhancer/api/components/corner-action.mjs, abs path /home/mmkumr/.config/notion-app-enhanced/notionAssetCache-v2/23.12.0.262/assets/_assets/index-en-US-38234a4eb540e1a6.html'
  }
}
[2023-11-06 19:21:59.343] [info] {
  level: 'error',
  from: 'schemeHandler',
  type: 'requestHandlerError',
  error: {
    name: 'TypeError',
    message: 'One-time callback was called more than once',
    stack: 'TypeError: One-time callback was called more than once\n' +
      '    at AsyncFunction.<anonymous> (/opt/Notion Enhanced/resources/app.asar/main/schemeHandler.js:168:17)'
  }
}
[2023-11-06 19:21:59.344] [info] {
  level: 'error',
  from: 'main',
  type: 'unhandledRejection',
  error: {
    name: 'TypeError',
    message: 'One-time callback was called more than once',
    stack: 'TypeError: One-time callback was called more than once\n' +
      '    at AsyncFunction.<anonymous> (/opt/Notion Enhanced/resources/app.asar/main/schemeHandler.js:185:13)'
  }
}
[2023-11-06 19:21:59.390] [info] {
  level: 'info',
  from: 'AssetCache',
  type: 'syncVersionSameSkippingSync'
}
[2023-11-06 19:21:59.393] [info] {
  level: 'info',
  from: 'AssetCache',
  type: 'syncVersionSameSkippingSync'
}
[2023-11-06 19:21:59.393] [info] {
  level: 'info',
  from: 'AssetCache',
  type: 'performingFileRequest2',
  data: {
    message: 'Performing file request: /__notion-enhancer/repo/menu/client.css, abs path /home/mmkumr/.config/notion-app-enhanced/notionAssetCache-v2/23.12.0.262/assets/_assets/index-en-US-38234a4eb540e1a6.html'
  }
}
[2023-11-06 19:21:59.394] [info] {
  level: 'error',
  from: 'schemeHandler',
  type: 'requestHandlerError',
  error: {
    name: 'TypeError',
    message: 'One-time callback was called more than once',
    stack: 'TypeError: One-time callback was called more than once\n' +
      '    at AsyncFunction.<anonymous> (/opt/Notion Enhanced/resources/app.asar/main/schemeHandler.js:168:17)'
  }
}
[2023-11-06 19:21:59.395] [info] {
  level: 'error',
  from: 'main',
  type: 'unhandledRejection',
  error: {
    name: 'TypeError',
    message: 'One-time callback was called more than once',
    stack: 'TypeError: One-time callback was called more than once\n' +
      '    at AsyncFunction.<anonymous> (/opt/Notion Enhanced/resources/app.asar/main/schemeHandler.js:185:13)'
  }
}
[2023-11-06 19:21:59.396] [info] {
  level: 'info',
  from: 'AssetCache',
  type: 'performingFileRequest2',
  data: {
    message: 'Performing file request: /__notion-enhancer/repo/menu/client.mjs, abs path /home/mmkumr/.config/notion-app-enhanced/notionAssetCache-v2/23.12.0.262/assets/_assets/index-en-US-38234a4eb540e1a6.html'
  }
}
[2023-11-06 19:21:59.396] [info] {
  level: 'error',
  from: 'schemeHandler',
  type: 'requestHandlerError',
  error: {
    name: 'TypeError',
    message: 'One-time callback was called more than once',
    stack: 'TypeError: One-time callback was called more than once\n' +
      '    at AsyncFunction.<anonymous> (/opt/Notion Enhanced/resources/app.asar/main/schemeHandler.js:168:17)'
  }
}
[2023-11-06 19:21:59.397] [info] {
  level: 'error',
  from: 'main',
  type: 'unhandledRejection',
  error: {
    name: 'TypeError',
    message: 'One-time callback was called more than once',
    stack: 'TypeError: One-time callback was called more than once\n' +
      '    at AsyncFunction.<anonymous> (/opt/Notion Enhanced/resources/app.asar/main/schemeHandler.js:185:13)'
  }
}
[2023-11-06 19:21:59.404] [info] {
  level: 'info',
  from: 'AssetCache',
  type: 'syncVersionSameSkippingSync'
}
[2023-11-06 19:21:59.407] [info] {
  level: 'info',
  from: 'AssetCache',
  type: 'syncVersionSameSkippingSync'
}
[2023-11-06 19:21:59.408] [info] {
  level: 'info',
  from: 'AssetCache',
  type: 'performingFileRequest2',
  data: {
    message: 'Performing file request: /__notion-enhancer/repo/theming/variables.css, abs path /home/mmkumr/.config/notion-app-enhanced/notionAssetCache-v2/23.12.0.262/assets/_assets/index-en-US-38234a4eb540e1a6.html'
  }
}
[2023-11-06 19:21:59.408] [info] {
  level: 'error',
  from: 'schemeHandler',
  type: 'requestHandlerError',
  error: {
    name: 'TypeError',
    message: 'One-time callback was called more than once',
    stack: 'TypeError: One-time callback was called more than once\n' +
      '    at AsyncFunction.<anonymous> (/opt/Notion Enhanced/resources/app.asar/main/schemeHandler.js:168:17)'
  }
}
[2023-11-06 19:21:59.409] [info] {
  level: 'error',
  from: 'main',
  type: 'unhandledRejection',
  error: {
    name: 'TypeError',
    message: 'One-time callback was called more than once',
    stack: 'TypeError: One-time callback was called more than once\n' +
      '    at AsyncFunction.<anonymous> (/opt/Notion Enhanced/resources/app.asar/main/schemeHandler.js:185:13)'
  }
}
[2023-11-06 19:21:59.412] [info] {
  level: 'info',
  from: 'AssetCache',
  type: 'syncVersionSameSkippingSync'
}
[2023-11-06 19:21:59.413] [info] {
  level: 'info',
  from: 'AssetCache',
  type: 'performingFileRequest2',
  data: {
    message: 'Performing file request: /__notion-enhancer/repo/theming/prism.css, abs path /home/mmkumr/.config/notion-app-enhanced/notionAssetCache-v2/23.12.0.262/assets/_assets/index-en-US-38234a4eb540e1a6.html'
  }
}
[2023-11-06 19:21:59.413] [info] {
  level: 'error',
  from: 'schemeHandler',
  type: 'requestHandlerError',
  error: {
    name: 'TypeError',
    message: 'One-time callback was called more than once',
    stack: 'TypeError: One-time callback was called more than once\n' +
      '    at AsyncFunction.<anonymous> (/opt/Notion Enhanced/resources/app.asar/main/schemeHandler.js:168:17)'
  }
}
[2023-11-06 19:21:59.414] [info] {
  level: 'error',
  from: 'main',
  type: 'unhandledRejection',
  error: {
    name: 'TypeError',
    message: 'One-time callback was called more than once',
    stack: 'TypeError: One-time callback was called more than once\n' +
      '    at AsyncFunction.<anonymous> (/opt/Notion Enhanced/resources/app.asar/main/schemeHandler.js:185:13)'
  }
}
[2023-11-06 19:21:59.417] [info] {
  level: 'info',
  from: 'AssetCache',
  type: 'syncVersionSameSkippingSync'
}
[2023-11-06 19:21:59.419] [info] {
  level: 'info',
  from: 'AssetCache',
  type: 'performingFileRequest2',
  data: {
    message: 'Performing file request: /__notion-enhancer/repo/theming/patches.css, abs path /home/mmkumr/.config/notion-app-enhanced/notionAssetCache-v2/23.12.0.262/assets/_assets/index-en-US-38234a4eb540e1a6.html'
  }
}
[2023-11-06 19:21:59.420] [info] {
  level: 'error',
  from: 'schemeHandler',
  type: 'requestHandlerError',
  error: {
    name: 'TypeError',
    message: 'One-time callback was called more than once',
    stack: 'TypeError: One-time callback was called more than once\n' +
      '    at AsyncFunction.<anonymous> (/opt/Notion Enhanced/resources/app.asar/main/schemeHandler.js:168:17)'
  }
}
[2023-11-06 19:21:59.421] [info] {
  level: 'error',
  from: 'main',
  type: 'unhandledRejection',
  error: {
    name: 'TypeError',
    message: 'One-time callback was called more than once',
    stack: 'TypeError: One-time callback was called more than once\n' +
      '    at AsyncFunction.<anonymous> (/opt/Notion Enhanced/resources/app.asar/main/schemeHandler.js:185:13)'
  }
}
[2023-11-06 19:21:59.423] [info] {
  level: 'info',
  from: 'AssetCache',
  type: 'performingFileRequest2',
  data: {
    message: 'Performing file request: /__notion-enhancer/repo/theming/client.mjs, abs path /home/mmkumr/.config/notion-app-enhanced/notionAssetCache-v2/23.12.0.262/assets/_assets/index-en-US-38234a4eb540e1a6.html'
  }
}
[2023-11-06 19:21:59.423] [info] {
  level: 'error',
  from: 'schemeHandler',
  type: 'requestHandlerError',
  error: {
    name: 'TypeError',
    message: 'One-time callback was called more than once',
    stack: 'TypeError: One-time callback was called more than once\n' +
      '    at AsyncFunction.<anonymous> (/opt/Notion Enhanced/resources/app.asar/main/schemeHandler.js:168:17)'
  }
}
[2023-11-06 19:21:59.424] [info] {
  level: 'error',
  from: 'main',
  type: 'unhandledRejection',
  error: {
    name: 'TypeError',
    message: 'One-time callback was called more than once',
    stack: 'TypeError: One-time callback was called more than once\n' +
      '    at AsyncFunction.<anonymous> (/opt/Notion Enhanced/resources/app.asar/main/schemeHandler.js:185:13)'
  }
}
[2023-11-06 19:21:59.711] [info] {
  level: 'error',
  from: 'AssetCache',
  type: 'requestReturnedAsIndexV2',
  data: { url: '/__notion-enhancer/repo/theming/client.mjs' }
}
[2023-11-06 19:22:04.281] [info] {
  level: 'info',
  from: 'AssetCache',
  type: 'appUpdateAvailable',
  data: { version: '23.12.0.266' }
}
[2023-11-06 19:22:09.053] [info] { level: 'info', from: 'AssetCache', type: 'checkingForAppUpdate2' }
[2023-11-06 19:22:09.056] [info] {
  level: 'info',
  from: 'AssetCache',
  type: 'appUpdateDownloadComplete',
  data: { version: '23.12.0.266' }
}
[2023-11-06 19:22:09.057] [info] {
  level: 'info',
  from: 'AssetCache',
  type: 'installingAppUpdate',
  data: { version: '23.12.0.266' }
}
[2023-11-06 19:22:17.610] [info] Quitting...
[2023-11-06 19:22:17.611] [info] Killing child process
